This is pdfTeX, Version 3.1415926-2.5-1.40.14 (TeX Live 2013) (format=pdflatex 2019.11.11)  2 APR 2020 18:13
entering extended mode
 restricted \write18 enabled.
 %&-line parsing enabled.
**SEIR_v08.tex
(./SEIR_v08.tex
LaTeX2e <2011/06/27>
Babel <v3.8m> and hyphenation patterns for english, dumylang, nohyphenation, uk
rainian, russian, bulgarian, loaded.
(/usr/share/texlive/texmf-dist/tex/latex/base/article.cls
Document Class: article 2007/10/19 v1.4h Standard LaTeX document class
(/usr/share/texlive/texmf-dist/tex/latex/base/size10.clo
File: size10.clo 2007/10/19 v1.4h Standard LaTeX file (size option)
)
\c@part=\count79
\c@section=\count80
\c@subsection=\count81
\c@subsubsection=\count82
\c@paragraph=\count83
\c@subparagraph=\count84
\c@figure=\count85
\c@table=\count86
\abovecaptionskip=\skip41
\belowcaptionskip=\skip42
\bibindent=\dimen102
)
(/usr/share/texlive/texmf-dist/tex/latex/graphics/graphicx.sty
Package: graphicx 1999/02/16 v1.0f Enhanced LaTeX Graphics (DPC,SPQR)

(/usr/share/texlive/texmf-dist/tex/latex/graphics/keyval.sty
Package: keyval 1999/03/16 v1.13 key=value parser (DPC)
\KV@toks@=\toks14
)
(/usr/share/texlive/texmf-dist/tex/latex/graphics/graphics.sty
Package: graphics 2009/02/05 v1.0o Standard LaTeX Graphics (DPC,SPQR)

(/usr/share/texlive/texmf-dist/tex/latex/graphics/trig.sty
Package: trig 1999/03/16 v1.09 sin cos tan (DPC)
)
(/usr/share/texlive/texmf-dist/tex/latex/latexconfig/graphics.cfg
File: graphics.cfg 2010/04/23 v1.9 graphics configuration of TeX Live
)
Package graphics Info: Driver file: pdftex.def on input line 91.

(/usr/share/texlive/texmf-dist/tex/latex/pdftex-def/pdftex.def
File: pdftex.def 2011/05/27 v0.06d Graphics/color for pdfTeX

(/usr/share/texlive/texmf-dist/tex/generic/oberdiek/infwarerr.sty
Package: infwarerr 2010/04/08 v1.3 Providing info/warning/error messages (HO)
)
(/usr/share/texlive/texmf-dist/tex/generic/oberdiek/ltxcmds.sty
Package: ltxcmds 2011/11/09 v1.22 LaTeX kernel commands for general use (HO)
)
\Gread@gobject=\count87
))
\Gin@req@height=\dimen103
\Gin@req@width=\dimen104
)
(/usr/share/texlive/texmf-dist/tex/latex/graphics/color.sty
Package: color 2005/11/14 v1.0j Standard LaTeX Color (DPC)

(/usr/share/texlive/texmf-dist/tex/latex/latexconfig/color.cfg
File: color.cfg 2007/01/18 v1.5 color configuration of teTeX/TeXLive
)
Package color Info: Driver file: pdftex.def on input line 130.
)
(/usr/share/texlive/texmf-dist/tex/latex/framed/framed.sty
Package: framed 2011/10/22 v 0.96: framed or shaded text with page breaks
\OuterFrameSep=\skip43
\fb@frw=\dimen105
\fb@frh=\dimen106
\FrameRule=\dimen107
\FrameSep=\dimen108
)
(/usr/share/texlive/texmf-dist/tex/latex/base/alltt.sty
Package: alltt 1997/06/16 v2.0g defines alltt environment
)
(/usr/share/texlive/texmf-dist/tex/latex/amsmath/amsmath.sty
Package: amsmath 2013/01/14 v2.14 AMS math features
\@mathmargin=\skip44

For additional information on amsmath, use the `?' option.
(/usr/share/texlive/texmf-dist/tex/latex/amsmath/amstext.sty
Package: amstext 2000/06/29 v2.01

(/usr/share/texlive/texmf-dist/tex/latex/amsmath/amsgen.sty
File: amsgen.sty 1999/11/30 v2.0
\@emptytoks=\toks15
\ex@=\dimen109
))
(/usr/share/texlive/texmf-dist/tex/latex/amsmath/amsbsy.sty
Package: amsbsy 1999/11/29 v1.2d
\pmbraise@=\dimen110
)
(/usr/share/texlive/texmf-dist/tex/latex/amsmath/amsopn.sty
Package: amsopn 1999/12/14 v2.01 operator names
)
\inf@bad=\count88
LaTeX Info: Redefining \frac on input line 210.
\uproot@=\count89
\leftroot@=\count90
LaTeX Info: Redefining \overline on input line 306.
\classnum@=\count91
\DOTSCASE@=\count92
LaTeX Info: Redefining \ldots on input line 378.
LaTeX Info: Redefining \dots on input line 381.
LaTeX Info: Redefining \cdots on input line 466.
\Mathstrutbox@=\box26
\strutbox@=\box27
\big@size=\dimen111
LaTeX Font Info:    Redeclaring font encoding OML on input line 566.
LaTeX Font Info:    Redeclaring font encoding OMS on input line 567.
\macc@depth=\count93
\c@MaxMatrixCols=\count94
\dotsspace@=\muskip10
\c@parentequation=\count95
\dspbrk@lvl=\count96
\tag@help=\toks16
\row@=\count97
\column@=\count98
\maxfields@=\count99
\andhelp@=\toks17
\eqnshift@=\dimen112
\alignsep@=\dimen113
\tagshift@=\dimen114
\tagwidth@=\dimen115
\totwidth@=\dimen116
\lineht@=\dimen117
\@envbody=\toks18
\multlinegap=\skip45
\multlinetaggap=\skip46
\mathdisplay@stack=\toks19
LaTeX Info: Redefining \[ on input line 2665.
LaTeX Info: Redefining \] on input line 2666.
) (./physics.sty
Package: physics 

(/usr/share/texlive/texmf-dist/tex/latex/l3packages/xparse/xparse.sty
(/usr/share/texlive/texmf-dist/tex/latex/l3kernel/expl3.sty
(/usr/share/texlive/texmf-dist/tex/latex/l3kernel/l3names.sty
(/usr/share/texlive/texmf-dist/tex/latex/l3kernel/l3bootstrap.sty
Package: l3bootstrap 2013/01/08 v4420 L3 Experimental bootstrap code
)
Package: l3names 2012/12/07 v4346 L3 Namespace for primitives
)
(/usr/share/texlive/texmf-dist/tex/latex/etex-pkg/etex.sty
Package: etex 1998/03/26 v2.0 eTeX basic definition package (PEB)
\et@xins=\count100
)
Package: expl3 2013/03/14 v4469 L3 Experimental code bundle wrapper

(/usr/share/texlive/texmf-dist/tex/latex/l3kernel/l3basics.sty
Package: l3basics 2013/01/10 v4428 L3 Basic definitions
)
(/usr/share/texlive/texmf-dist/tex/latex/l3kernel/l3expan.sty
Package: l3expan 2013/02/03 v4458 L3 Argument expansion
)
(/usr/share/texlive/texmf-dist/tex/latex/l3kernel/l3tl.sty
Package: l3tl 2013/01/08 v4415 L3 Token lists
)
(/usr/share/texlive/texmf-dist/tex/latex/l3kernel/l3seq.sty
Package: l3seq 2013/01/12 v4434 L3 Sequences and stacks
)
(/usr/share/texlive/texmf-dist/tex/latex/l3kernel/l3int.sty
Package: l3int 2013/01/13 v4444 L3 Integers
\c_max_int=\count101
\l_tmpa_int=\count102
\l_tmpb_int=\count103
\g_tmpa_int=\count104
\g_tmpb_int=\count105
)
(/usr/share/texlive/texmf-dist/tex/latex/l3kernel/l3quark.sty
Package: l3quark 2012/11/04 v4268 L3 Quarks
)
(/usr/share/texlive/texmf-dist/tex/latex/l3kernel/l3prg.sty
Package: l3prg 2013/02/13 v4459 L3 Control structures
\g__prg_map_int=\count106
)
(/usr/share/texlive/texmf-dist/tex/latex/l3kernel/l3clist.sty
Package: l3clist 2013/01/08 v4414 L3 Comma separated lists
)
(/usr/share/texlive/texmf-dist/tex/latex/l3kernel/l3token.sty
Package: l3token 2013/01/10 v4428 L3 Experimental token manipulation
)
(/usr/share/texlive/texmf-dist/tex/latex/l3kernel/l3prop.sty
Package: l3prop 2013/01/09 v4423 L3 Property lists
)
(/usr/share/texlive/texmf-dist/tex/latex/l3kernel/l3msg.sty
Package: l3msg 2013/01/08 v4412 L3 Messages
)
(/usr/share/texlive/texmf-dist/tex/latex/l3kernel/l3file.sty
Package: l3file 2013/01/14 v4446 L3 File and I/O operations
\l_iow_line_count_int=\count107
\l__iow_target_count_int=\count108
\l__iow_current_line_int=\count109
\l__iow_current_word_int=\count110
\l__iow_current_indentation_int=\count111
)
(/usr/share/texlive/texmf-dist/tex/latex/l3kernel/l3skip.sty
Package: l3skip 2013/01/13 v4444 L3 Dimensions and skips
\c_zero_dim=\dimen118
\c_max_dim=\dimen119
\l_tmpa_dim=\dimen120
\l_tmpb_dim=\dimen121
\g_tmpa_dim=\dimen122
\g_tmpb_dim=\dimen123
\c_zero_skip=\skip47
\c_max_skip=\skip48
\l_tmpa_skip=\skip49
\l_tmpb_skip=\skip50
\g_tmpa_skip=\skip51
\g_tmpb_skip=\skip52
\c_zero_muskip=\muskip11
\c_max_muskip=\muskip12
\l_tmpa_muskip=\muskip13
\l_tmpb_muskip=\muskip14
\g_tmpa_muskip=\muskip15
\g_tmpb_muskip=\muskip16
)
(/usr/share/texlive/texmf-dist/tex/latex/l3kernel/l3keys.sty
Package: l3keys 2013/02/24 v4461 L3 Experimental key-value interfaces
\g__keyval_level_int=\count112
\l_keys_choice_int=\count113
)
(/usr/share/texlive/texmf-dist/tex/latex/l3kernel/l3fp.sty
Package: l3fp 2013/01/19 v4449 L3 Floating points
\c__fp_leading_shift_int=\count114
\c__fp_middle_shift_int=\count115
\c__fp_trailing_shift_int=\count116
\c__fp_big_leading_shift_int=\count117
\c__fp_big_middle_shift_int=\count118
\c__fp_big_trailing_shift_int=\count119
\c__fp_Bigg_leading_shift_int=\count120
\c__fp_Bigg_middle_shift_int=\count121
\c__fp_Bigg_trailing_shift_int=\count122
)
(/usr/share/texlive/texmf-dist/tex/latex/l3kernel/l3box.sty
Package: l3box 2013/01/08 v4411 L3 Experimental boxes
\c_empty_box=\box28
\l_tmpa_box=\box29
\l_tmpb_box=\box30
\g_tmpa_box=\box31
\g_tmpb_box=\box32
)
(/usr/share/texlive/texmf-dist/tex/latex/l3kernel/l3coffins.sty
Package: l3coffins 2012/09/09 v4212 L3 Coffin code layer
\l__coffin_internal_box=\box33
\l__coffin_internal_dim=\dimen124
\l__coffin_offset_x_dim=\dimen125
\l__coffin_offset_y_dim=\dimen126
\l__coffin_x_dim=\dimen127
\l__coffin_y_dim=\dimen128
\l__coffin_x_prime_dim=\dimen129
\l__coffin_y_prime_dim=\dimen130
\c_empty_coffin=\box34
\l__coffin_aligned_coffin=\box35
\l__coffin_aligned_internal_coffin=\box36
\l_tmpa_coffin=\box37
\l_tmpb_coffin=\box38
\l__coffin_display_coffin=\box39
\l__coffin_display_coord_coffin=\box40
\l__coffin_display_pole_coffin=\box41
\l__coffin_display_offset_dim=\dimen131
\l__coffin_display_x_dim=\dimen132
\l__coffin_display_y_dim=\dimen133
)
(/usr/share/texlive/texmf-dist/tex/latex/l3kernel/l3color.sty
Package: l3color 2012/08/29 v4156 L3 Experimental color support
)
(/usr/share/texlive/texmf-dist/tex/latex/l3kernel/l3luatex.sty
Package: l3luatex 2012/08/03 v4049 L3 Experimental LuaTeX-specific functions
\g__cctab_allocate_int=\count123
\g__cctab_stack_int=\count124
)
(/usr/share/texlive/texmf-dist/tex/latex/l3kernel/l3candidates.sty
Package: l3candidates 2013/03/14 v4468 L3 Experimental additions to l3kernel
\l__box_top_dim=\dimen134
\l__box_bottom_dim=\dimen135
\l__box_left_dim=\dimen136
\l__box_right_dim=\dimen137
\l__box_top_new_dim=\dimen138
\l__box_bottom_new_dim=\dimen139
\l__box_left_new_dim=\dimen140
\l__box_right_new_dim=\dimen141
\l__box_internal_box=\box42
\l__coffin_bounding_shift_dim=\dimen142
\l__coffin_left_corner_dim=\dimen143
\l__coffin_right_corner_dim=\dimen144
\l__coffin_bottom_corner_dim=\dimen145
\l__coffin_top_corner_dim=\dimen146
\l__coffin_scaled_total_height_dim=\dimen147
\l__coffin_scaled_width_dim=\dimen148
)
(/usr/share/texlive/texmf-dist/tex/generic/oberdiek/ifpdf.sty
Package: ifpdf 2011/01/30 v2.3 Provides the ifpdf switch (HO)
Package ifpdf Info: pdfTeX in PDF mode is detected.
))
Package: xparse 2013/03/12 v4467 L3 Experimental document command parser
\l__xparse_current_arg_int=\count125
\l__xparse_m_args_int=\count126
\l__xparse_mandatory_args_int=\count127
\l__xparse_processor_int=\count128
\l__xparse_v_nesting_int=\count129
)
.................................................
. LaTeX info: "xparse/define-command"
. 
. Defining document command \vnabla with arg. spec. '' on line 25.
.................................................
.................................................
. LaTeX info: "xparse/define-command"
. 
. Defining document command \varE with arg. spec. '' on line 29.
.................................................
.................................................
. LaTeX info: "xparse/define-command"
. 
. Defining document command \ordersymbol with arg. spec. '' on line 30.
.................................................
.................................................
. LaTeX info: "xparse/define-command"
. 
. Defining document command \lparen with arg. spec. '' on line 31.
.................................................
.................................................
. LaTeX info: "xparse/define-command"
. 
. Defining document command \rparen with arg. spec. '' on line 32.
.................................................
.................................................
. LaTeX info: "xparse/define-command"
. 
. Defining document command \quantity with arg. spec. '' on line 35.
.................................................
.................................................
. LaTeX info: "xparse/define-command"
. 
. Defining document command \@quantity with arg. spec. ' t\big t\Big t\bigg
. t\Bigg g o d() d|| ' on line 62.
.................................................
.................................................
. LaTeX info: "xparse/define-command"
. 
. Defining document command \qty with arg. spec. '' on line 63.
.................................................
.................................................
. LaTeX info: "xparse/define-command"
. 
. Defining document command \pqty with arg. spec. ' l m ' on line 64.
.................................................
.................................................
. LaTeX info: "xparse/define-command"
. 
. Defining document command \bqty with arg. spec. ' l m ' on line 65.
.................................................
.................................................
. LaTeX info: "xparse/define-command"
. 
. Defining document command \Bqty with arg. spec. ' l m ' on line 66.
.................................................
.................................................
. LaTeX info: "xparse/define-command"
. 
. Defining document command \vqty with arg. spec. ' l m ' on line 67.
.................................................
.................................................
. LaTeX info: "xparse/define-command"
. 
. Defining document command \pmqty with arg. spec. 'm' on line 70.
.................................................
.................................................
. LaTeX info: "xparse/define-command"
. 
. Defining document command \Pmqty with arg. spec. 'm' on line 71.
.................................................
.................................................
. LaTeX info: "xparse/define-command"
. 
. Defining document command \bmqty with arg. spec. 'm' on line 72.
.................................................
.................................................
. LaTeX info: "xparse/define-command"
. 
. Defining document command \vmqty with arg. spec. 'm' on line 73.
.................................................
.................................................
. LaTeX info: "xparse/define-command"
. 
. Defining document command \matrixquantity with arg. spec. '' on line 74.
.................................................
.................................................
. LaTeX info: "xparse/define-command"
. 
. Defining document command \@matrixquantity with arg. spec. ' s g o d() d|| '
. on line 100.
.................................................
.................................................
. LaTeX info: "xparse/define-command"
. 
. Defining document command \mqty with arg. spec. '' on line 101.
.................................................
.................................................
. LaTeX info: "xparse/define-command"
. 
. Defining document command \matrixdeterminant with arg. spec. 'm' on line
. 102.
.................................................
.................................................
. LaTeX info: "xparse/define-command"
. 
. Defining document command \mdet with arg. spec. '' on line 103.
.................................................
.................................................
. LaTeX info: "xparse/define-command"
. 
. Defining document command \spmqty with arg. spec. 'm' on line 105.
.................................................
.................................................
. LaTeX info: "xparse/define-command"
. 
. Defining document command \sPmqty with arg. spec. 'm' on line 106.
.................................................
.................................................
. LaTeX info: "xparse/define-command"
. 
. Defining document command \sbmqty with arg. spec. 'm' on line 107.
.................................................
.................................................
. LaTeX info: "xparse/define-command"
. 
. Defining document command \svmqty with arg. spec. 'm' on line 108.
.................................................
.................................................
. LaTeX info: "xparse/define-command"
. 
. Defining document command \smallmatrixquantity with arg. spec. ' s g o d()
. d|| ' on line 133.
.................................................
.................................................
. LaTeX info: "xparse/define-command"
. 
. Defining document command \smqty with arg. spec. '' on line 134.
.................................................
.................................................
. LaTeX info: "xparse/define-command"
. 
. Defining document command \smallmatrixdeterminant with arg. spec. 'm' on
. line 135.
.................................................
.................................................
. LaTeX info: "xparse/define-command"
. 
. Defining document command \smdet with arg. spec. '' on line 136.
.................................................
.................................................
. LaTeX info: "xparse/define-command"
. 
. Defining document command \argopen with arg. spec. 's' on line 138.
.................................................
.................................................
. LaTeX info: "xparse/define-command"
. 
. Defining document command \argclose with arg. spec. 's' on line 139.
.................................................
.................................................
. LaTeX info: "xparse/define-command"
. 
. Defining document command \braces with arg. spec. '' on line 141.
.................................................
.................................................
. LaTeX info: "xparse/define-command"
. 
. Defining document command \@braces with arg. spec. ' s t\big t\Big t\bigg
. t\Bigg m m m ' on line 156.
.................................................
.................................................
. LaTeX info: "xparse/define-command"
. 
. Defining document command \fbraces with arg. spec. ' s t\big t\Big t\bigg
. t\Bigg m m m m ' on line 174.
.................................................
.................................................
. LaTeX info: "xparse/define-command"
. 
. Defining document command \absolutevalue with arg. spec. ' l m ' on line
. 176.
.................................................
.................................................
. LaTeX info: "xparse/define-command"
. 
. Defining document command \abs with arg. spec. '' on line 177.
.................................................
.................................................
. LaTeX info: "xparse/define-command"
. 
. Defining document command \norm with arg. spec. ' l m ' on line 178.
.................................................
.................................................
. LaTeX info: "xparse/define-command"
. 
. Defining document command \order with arg. spec. ' l m ' on line 179.
.................................................
.................................................
. LaTeX info: "xparse/define-command"
. 
. Defining document command \evaluated with arg. spec. ' s g d[| d(| ' on line
. 194.
.................................................
.................................................
. LaTeX info: "xparse/define-command"
. 
. Defining document command \eval with arg. spec. '' on line 195.
.................................................
.................................................
. LaTeX info: "xparse/define-command"
. 
. Defining document command \poissonbracket with arg. spec. ' l m m ' on line
. 197.
.................................................
.................................................
. LaTeX info: "xparse/define-command"
. 
. Defining document command \pb with arg. spec. '' on line 198.
.................................................
.................................................
. LaTeX info: "xparse/define-command"
. 
. Defining document command \commutator with arg. spec. ' l m m ' on line 201.
.................................................
.................................................
. LaTeX info: "xparse/define-command"
. 
. Defining document command \comm with arg. spec. '' on line 202.
.................................................
.................................................
. LaTeX info: "xparse/define-command"
. 
. Defining document command \anticommutator with arg. spec. ' l m m ' on line
. 203.
.................................................
.................................................
. LaTeX info: "xparse/define-command"
. 
. Defining document command \acommutator with arg. spec. '' on line 204.
.................................................
.................................................
. LaTeX info: "xparse/define-command"
. 
. Defining document command \acomm with arg. spec. '' on line 205.
.................................................
.................................................
. LaTeX info: "xparse/define-command"
. 
. Defining document command \vectorbold with arg. spec. ' s m ' on line 208.
.................................................
.................................................
. LaTeX info: "xparse/define-command"
. 
. Defining document command \vb with arg. spec. '' on line 209.
.................................................
.................................................
. LaTeX info: "xparse/define-command"
. 
. Defining document command \vectorarrow with arg. spec. ' s m ' on line 211.
.................................................
.................................................
. LaTeX info: "xparse/define-command"
. 
. Defining document command \va with arg. spec. '' on line 212.
.................................................
.................................................
. LaTeX info: "xparse/define-command"
. 
. Defining document command \vectorunit with arg. spec. ' s m ' on line 214.
.................................................
.................................................
. LaTeX info: "xparse/define-command"
. 
. Defining document command \vu with arg. spec. '' on line 215.
.................................................
.................................................
. LaTeX info: "xparse/define-command"
. 
. Defining document command \dotproduct with arg. spec. '' on line 217.
.................................................
.................................................
. LaTeX info: "xparse/define-command"
. 
. Defining document command \vdot with arg. spec. '' on line 218.
.................................................
.................................................
. LaTeX info: "xparse/define-command"
. 
. Defining document command \crossproduct with arg. spec. '' on line 220.
.................................................
.................................................
. LaTeX info: "xparse/define-command"
. 
. Defining document command \cross with arg. spec. '' on line 221.
.................................................
.................................................
. LaTeX info: "xparse/define-command"
. 
. Defining document command \cp with arg. spec. '' on line 222.
.................................................
.................................................
. LaTeX info: "xparse/define-command"
. 
. Defining document command \gradient with arg. spec. ' g o d() ' on line 232.
.................................................
.................................................
. LaTeX info: "xparse/define-command"
. 
. Defining document command \grad with arg. spec. '' on line 233.
.................................................
.................................................
. LaTeX info: "xparse/define-command"
. 
. Defining document command \divergence with arg. spec. ' g o d() ' on line
. 243.
.................................................
.................................................
. LaTeX info: "xparse/define-command"
. 
. Defining document command \div with arg. spec. '' on line 246.
.................................................
.................................................
. LaTeX info: "xparse/define-command"
. 
. Defining document command \curl with arg. spec. ' g o d() ' on line 256.
.................................................
.................................................
. LaTeX info: "xparse/define-command"
. 
. Defining document command \laplacian with arg. spec. ' g o d() ' on line
. 266.
.................................................
.................................................
. LaTeX info: "xparse/define-command"
. 
. Defining document command \principalvalue with arg. spec. 'g' on line 274.
.................................................
.................................................
. LaTeX info: "xparse/define-command"
. 
. Defining document command \pv with arg. spec. '' on line 275.
.................................................
.................................................
. LaTeX info: "xparse/define-command"
. 
. Defining document command \PV with arg. spec. 'g' on line 276.
.................................................

*************************************************
* LaTeX warning: "xparse/redefine-command"
* 
* Redefining document command \Re with arg. spec. 'g' on line 277.
*************************************************
*************************************************
* LaTeX warning: "xparse/redefine-command"
* 
* Redefining document command \Im with arg. spec. 'g' on line 278.
*************************************************
.................................................
. LaTeX info: "xparse/define-command"
. 
. Defining document command \opbraces with arg. spec. ' m g o d() ' on line
. 299.
.................................................
.................................................
. LaTeX info: "xparse/define-command"
. 
. Defining document command \trigbraces with arg. spec. ' m o d() ' on line
. 305.
.................................................
*************************************************
* LaTeX warning: "xparse/redefine-command"
* 
* Redefining document command \sin with arg. spec. '' on line 309.
*************************************************
*************************************************
* LaTeX warning: "xparse/redefine-command"
* 
* Redefining document command \cos with arg. spec. '' on line 310.
*************************************************
*************************************************
* LaTeX warning: "xparse/redefine-command"
* 
* Redefining document command \tan with arg. spec. '' on line 311.
*************************************************
*************************************************
* LaTeX warning: "xparse/redefine-command"
* 
* Redefining document command \csc with arg. spec. '' on line 312.
*************************************************
*************************************************
* LaTeX warning: "xparse/redefine-command"
* 
* Redefining document command \sec with arg. spec. '' on line 313.
*************************************************
*************************************************
* LaTeX warning: "xparse/redefine-command"
* 
* Redefining document command \cot with arg. spec. '' on line 314.
*************************************************
*************************************************
* LaTeX warning: "xparse/redefine-command"
* 
* Redefining document command \arcsin with arg. spec. '' on line 316.
*************************************************
*************************************************
* LaTeX warning: "xparse/redefine-command"
* 
* Redefining document command \arccos with arg. spec. '' on line 317.
*************************************************
*************************************************
* LaTeX warning: "xparse/redefine-command"
* 
* Redefining document command \arctan with arg. spec. '' on line 318.
*************************************************
.................................................
. LaTeX info: "xparse/define-command"
. 
. Defining document command \arccsc with arg. spec. '' on line 320.
.................................................
.................................................
. LaTeX info: "xparse/define-command"
. 
. Defining document command \arcsec with arg. spec. '' on line 322.
.................................................
.................................................
. LaTeX info: "xparse/define-command"
. 
. Defining document command \arccot with arg. spec. '' on line 324.
.................................................
.................................................
. LaTeX info: "xparse/define-command"
. 
. Defining document command \asin with arg. spec. '' on line 327.
.................................................
.................................................
. LaTeX info: "xparse/define-command"
. 
. Defining document command \acos with arg. spec. '' on line 329.
.................................................
.................................................
. LaTeX info: "xparse/define-command"
. 
. Defining document command \atan with arg. spec. '' on line 331.
.................................................
.................................................
. LaTeX info: "xparse/define-command"
. 
. Defining document command \acsc with arg. spec. '' on line 333.
.................................................
.................................................
. LaTeX info: "xparse/define-command"
. 
. Defining document command \asec with arg. spec. '' on line 335.
.................................................
.................................................
. LaTeX info: "xparse/define-command"
. 
. Defining document command \acot with arg. spec. '' on line 337.
.................................................
*************************************************
* LaTeX warning: "xparse/redefine-command"
* 
* Redefining document command \sinh with arg. spec. '' on line 339.
*************************************************
*************************************************
* LaTeX warning: "xparse/redefine-command"
* 
* Redefining document command \cosh with arg. spec. '' on line 340.
*************************************************
*************************************************
* LaTeX warning: "xparse/redefine-command"
* 
* Redefining document command \tanh with arg. spec. '' on line 341.
*************************************************
.................................................
. LaTeX info: "xparse/define-command"
. 
. Defining document command \csch with arg. spec. '' on line 343.
.................................................
.................................................
. LaTeX info: "xparse/define-command"
. 
. Defining document command \sech with arg. spec. '' on line 345.
.................................................
*************************************************
* LaTeX warning: "xparse/redefine-command"
* 
* Redefining document command \coth with arg. spec. '' on line 346.
*************************************************
*************************************************
* LaTeX warning: "xparse/redefine-command"
* 
* Redefining document command \exp with arg. spec. '' on line 348.
*************************************************
*************************************************
* LaTeX warning: "xparse/redefine-command"
* 
* Redefining document command \log with arg. spec. '' on line 349.
*************************************************
*************************************************
* LaTeX warning: "xparse/redefine-command"
* 
* Redefining document command \ln with arg. spec. '' on line 350.
*************************************************
*************************************************
* LaTeX warning: "xparse/redefine-command"
* 
* Redefining document command \det with arg. spec. '' on line 351.
*************************************************
*************************************************
* LaTeX warning: "xparse/redefine-command"
* 
* Redefining document command \Pr with arg. spec. '' on line 352.
*************************************************
.................................................
. LaTeX info: "xparse/define-command"
. 
. Defining document command \tr with arg. spec. '' on line 353.
.................................................
.................................................
. LaTeX info: "xparse/define-command"
. 
. Defining document command \Tr with arg. spec. '' on line 354.
.................................................
.................................................
. LaTeX info: "xparse/define-command"
. 
. Defining document command \Res with arg. spec. '' on line 355.
.................................................
.................................................
. LaTeX info: "xparse/define-command"
. 
. Defining document command \qqtext with arg. spec. ' s m ' on line 377.
.................................................
.................................................
. LaTeX info: "xparse/define-command"
. 
. Defining document command \qq with arg. spec. '' on line 378.
.................................................
.................................................
. LaTeX info: "xparse/define-command"
. 
. Defining document command \qcomma with arg. spec. '' on line 380.
.................................................
.................................................
. LaTeX info: "xparse/define-command"
. 
. Defining document command \qc with arg. spec. '' on line 381.
.................................................
.................................................
. LaTeX info: "xparse/define-command"
. 
. Defining document command \qif with arg. spec. 's' on line 383.
.................................................
.................................................
. LaTeX info: "xparse/define-command"
. 
. Defining document command \qthen with arg. spec. 's' on line 384.
.................................................
.................................................
. LaTeX info: "xparse/define-command"
. 
. Defining document command \qelse with arg. spec. 's' on line 385.
.................................................
.................................................
. LaTeX info: "xparse/define-command"
. 
. Defining document command \qotherwise with arg. spec. 's' on line 386.
.................................................
.................................................
. LaTeX info: "xparse/define-command"
. 
. Defining document command \qunless with arg. spec. 's' on line 387.
.................................................
.................................................
. LaTeX info: "xparse/define-command"
. 
. Defining document command \qgiven with arg. spec. 's' on line 388.
.................................................
.................................................
. LaTeX info: "xparse/define-command"
. 
. Defining document command \qusing with arg. spec. 's' on line 389.
.................................................
.................................................
. LaTeX info: "xparse/define-command"
. 
. Defining document command \qassume with arg. spec. 's' on line 390.
.................................................
.................................................
. LaTeX info: "xparse/define-command"
. 
. Defining document command \qsince with arg. spec. 's' on line 391.
.................................................
.................................................
. LaTeX info: "xparse/define-command"
. 
. Defining document command \qlet with arg. spec. 's' on line 392.
.................................................
.................................................
. LaTeX info: "xparse/define-command"
. 
. Defining document command \qfor with arg. spec. 's' on line 393.
.................................................
.................................................
. LaTeX info: "xparse/define-command"
. 
. Defining document command \qall with arg. spec. 's' on line 394.
.................................................
.................................................
. LaTeX info: "xparse/define-command"
. 
. Defining document command \qeven with arg. spec. 's' on line 395.
.................................................
.................................................
. LaTeX info: "xparse/define-command"
. 
. Defining document command \qodd with arg. spec. 's' on line 396.
.................................................
.................................................
. LaTeX info: "xparse/define-command"
. 
. Defining document command \qinteger with arg. spec. 's' on line 397.
.................................................
.................................................
. LaTeX info: "xparse/define-command"
. 
. Defining document command \qand with arg. spec. 's' on line 398.
.................................................
.................................................
. LaTeX info: "xparse/define-command"
. 
. Defining document command \qor with arg. spec. 's' on line 399.
.................................................
.................................................
. LaTeX info: "xparse/define-command"
. 
. Defining document command \qas with arg. spec. 's' on line 400.
.................................................
.................................................
. LaTeX info: "xparse/define-command"
. 
. Defining document command \qin with arg. spec. 's' on line 401.
.................................................
.................................................
. LaTeX info: "xparse/define-command"
. 
. Defining document command \qcc with arg. spec. 's' on line 402.
.................................................
.................................................
. LaTeX info: "xparse/define-command"
. 
. Defining document command \differential with arg. spec. ' o g d() ' on line
. 415.
.................................................
.................................................
. LaTeX info: "xparse/define-command"
. 
. Defining document command \dd with arg. spec. '' on line 416.
.................................................
.................................................
. LaTeX info: "xparse/define-command"
. 
. Defining document command \derivative with arg. spec. ' s o m g d() ' on
. line 435.
.................................................
.................................................
. LaTeX info: "xparse/define-command"
. 
. Defining document command \dv with arg. spec. '' on line 436.
.................................................
.................................................
. LaTeX info: "xparse/define-command"
. 
. Defining document command \partialderivative with arg. spec. ' s o m g g d()
. ' on line 460.
.................................................
.................................................
. LaTeX info: "xparse/define-command"
. 
. Defining document command \pderivative with arg. spec. '' on line 461.
.................................................
.................................................
. LaTeX info: "xparse/define-command"
. 
. Defining document command \pdv with arg. spec. '' on line 462.
.................................................
.................................................
. LaTeX info: "xparse/define-command"
. 
. Defining document command \variation with arg. spec. ' o g d() ' on line
. 474.
.................................................
.................................................
. LaTeX info: "xparse/define-command"
. 
. Defining document command \var with arg. spec. '' on line 475.
.................................................
.................................................
. LaTeX info: "xparse/define-command"
. 
. Defining document command \functionalderivative with arg. spec. ' s o m g
. d() ' on line 494.
.................................................
.................................................
. LaTeX info: "xparse/define-command"
. 
. Defining document command \fderivative with arg. spec. '' on line 495.
.................................................
.................................................
. LaTeX info: "xparse/define-command"
. 
. Defining document command \fdv with arg. spec. '' on line 496.
.................................................
.................................................
. LaTeX info: "xparse/define-command"
. 
. Defining document command \bra with arg. spec. ' s m t\ket s g ' on line
. 526.
.................................................
.................................................
. LaTeX info: "xparse/define-command"
. 
. Defining document command \ket with arg. spec. ' s m ' on line 533.
.................................................
.................................................
. LaTeX info: "xparse/define-command"
. 
. Defining document command \innerproduct with arg. spec. ' s m g ' on line
. 548.
.................................................
.................................................
. LaTeX info: "xparse/define-command"
. 
. Defining document command \braket with arg. spec. '' on line 549.
.................................................
.................................................
. LaTeX info: "xparse/define-command"
. 
. Defining document command \ip with arg. spec. '' on line 550.
.................................................
.................................................
. LaTeX info: "xparse/define-command"
. 
. Defining document command \outerproduct with arg. spec. ' s m g ' on line
. 565.
.................................................
.................................................
. LaTeX info: "xparse/define-command"
. 
. Defining document command \dyad with arg. spec. '' on line 566.
.................................................
.................................................
. LaTeX info: "xparse/define-command"
. 
. Defining document command \op with arg. spec. '' on line 567.
.................................................
.................................................
. LaTeX info: "xparse/define-command"
. 
. Defining document command \ketbra with arg. spec. '' on line 568.
.................................................
.................................................
. LaTeX info: "xparse/define-command"
. 
. Defining document command \expectationvalue with arg. spec. ' s s m g ' on
. line 587.
.................................................
.................................................
. LaTeX info: "xparse/define-command"
. 
. Defining document command \expval with arg. spec. '' on line 588.
.................................................
.................................................
. LaTeX info: "xparse/define-command"
. 
. Defining document command \ev with arg. spec. '' on line 589.
.................................................
.................................................
. LaTeX info: "xparse/define-command"
. 
. Defining document command \vev with arg. spec. ' m ' on line 590.
.................................................
.................................................
. LaTeX info: "xparse/define-command"
. 
. Defining document command \matrixelement with arg. spec. ' s s m m m ' on
. line 601.
.................................................
.................................................
. LaTeX info: "xparse/define-command"
. 
. Defining document command \matrixel with arg. spec. '' on line 602.
.................................................
.................................................
. LaTeX info: "xparse/define-command"
. 
. Defining document command \mel with arg. spec. '' on line 603.
.................................................
.................................................
. LaTeX info: "xparse/define-command"
. 
. Defining document command \identitymatrix with arg. spec. 'm' on line 633.
.................................................
.................................................
. LaTeX info: "xparse/define-command"
. 
. Defining document command \imat with arg. spec. '' on line 634.
.................................................
.................................................
. LaTeX info: "xparse/define-command"
. 
. Defining document command \xmatrix with arg. spec. ' s m m m ' on line 659.
.................................................
.................................................
. LaTeX info: "xparse/define-command"
. 
. Defining document command \xmat with arg. spec. '' on line 660.
.................................................
.................................................
. LaTeX info: "xparse/define-command"
. 
. Defining document command \zeromatrix with arg. spec. ' m g ' on line 662.
.................................................
.................................................
. LaTeX info: "xparse/define-command"
. 
. Defining document command \zmat with arg. spec. '' on line 663.
.................................................
.................................................
. LaTeX info: "xparse/define-command"
. 
. Defining document command \paulixmatrix with arg. spec. '' on line 665.
.................................................
.................................................
. LaTeX info: "xparse/define-command"
. 
. Defining document command \pauliymatrix with arg. spec. '' on line 666.
.................................................
.................................................
. LaTeX info: "xparse/define-command"
. 
. Defining document command \paulizmatrix with arg. spec. '' on line 667.
.................................................
.................................................
. LaTeX info: "xparse/define-command"
. 
. Defining document command \paulimatrix with arg. spec. 'm' on line 678.
.................................................
.................................................
. LaTeX info: "xparse/define-command"
. 
. Defining document command \pmat with arg. spec. '' on line 679.
.................................................
.................................................
. LaTeX info: "xparse/define-command"
. 
. Defining document command \diagonalmatrix with arg. spec. 'O{} >{\SplitList
. {,}}m ' on line 681.
.................................................
.................................................
. LaTeX info: "xparse/define-command"
. 
. Defining document command \@dmat with arg. spec. 'mmggggggg' on line 714.
.................................................
.................................................
. LaTeX info: "xparse/define-command"
. 
. Defining document command \dmat with arg. spec. '' on line 715.
.................................................
.................................................
. LaTeX info: "xparse/define-command"
. 
. Defining document command \antidiagonalmatrix with arg. spec. 'O{}
. >{\SplitList {,}}m ' on line 717.
.................................................
.................................................
. LaTeX info: "xparse/define-command"
. 
. Defining document command \@admat with arg. spec. 'mmggggggg' on line 750.
.................................................
.................................................
. LaTeX info: "xparse/define-command"
. 
. Defining document command \admat with arg. spec. '' on line 751.
.................................................
.................................................
. LaTeX info: "xparse/define-command"
. 
. Defining document command \flatfrac with arg. spec. ' m m ' on line 754.
.................................................
.................................................
. LaTeX info: "xparse/define-command"
. 
. Defining document command \homework with arg. spec. '' on line 764.
.................................................
)
Package color Info: Redefining color shadecolor on input line 57.

Overfull \hbox (43.49661pt too wide) in paragraph at lines 60--61
[]\OT1/cmtt/m/it/10 ## -- Attaching packages ----------------------------------
----- tidyverse
 []


Overfull \hbox (73.52634pt too wide) in paragraph at lines 64--65
[]\OT1/cmtt/m/it/10 ## -- Conflicts ------------------------------------------ 
tidyverse[]conflicts()
 []

(/usr/share/texlive/texmf-dist/tex/latex/upquote/upquote.sty
Package: upquote 2012/04/19 v1.3 upright-quote and grave-accent glyphs in verba
tim
) (./SEIR_v08.aux)
\openout1 = `SEIR_v08.aux'.

LaTeX Font Info:    Checking defaults for OML/cmm/m/it on input line 90.
LaTeX Font Info:    ... okay on input line 90.
LaTeX Font Info:    Checking defaults for T1/cmr/m/n on input line 90.
LaTeX Font Info:    ... okay on input line 90.
LaTeX Font Info:    Checking defaults for OT1/cmr/m/n on input line 90.
LaTeX Font Info:    ... okay on input line 90.
LaTeX Font Info:    Checking defaults for OMS/cmsy/m/n on input line 90.
LaTeX Font Info:    ... okay on input line 90.
LaTeX Font Info:    Checking defaults for OMX/cmex/m/n on input line 90.
LaTeX Font Info:    ... okay on input line 90.
LaTeX Font Info:    Checking defaults for U/cmr/m/n on input line 90.
LaTeX Font Info:    ... okay on input line 90.

(/usr/share/texlive/texmf-dist/tex/context/base/supp-pdf.mkii
[Loading MPS to PDF converter (version 2006.09.02).]
\scratchcounter=\count130
\scratchdimen=\dimen149
\scratchbox=\box43
\nofMPsegments=\count131
\nofMParguments=\count132
\everyMPshowfont=\toks20
\MPscratchCnt=\count133
\MPscratchDim=\dimen150
\MPnumerator=\count134
\makeMPintoPDFobject=\count135
\everyMPtoPDFconversion=\toks21
) (/usr/share/texlive/texmf-dist/tex/generic/oberdiek/pdftexcmds.sty
Package: pdftexcmds 2011/11/29 v0.20 Utility functions of pdfTeX for LuaTeX (HO
)

(/usr/share/texlive/texmf-dist/tex/generic/oberdiek/ifluatex.sty
Package: ifluatex 2010/03/01 v1.3 Provides the ifluatex switch (HO)
Package ifluatex Info: LuaTeX not detected.
)
Package pdftexcmds Info: LuaTeX not detected.
Package pdftexcmds Info: \pdf@primitive is available.
Package pdftexcmds Info: \pdf@ifprimitive is available.
Package pdftexcmds Info: \pdfdraftmode found.
)
(/usr/share/texlive/texmf-dist/tex/latex/oberdiek/epstopdf-base.sty
Package: epstopdf-base 2010/02/09 v2.5 Base part for package epstopdf

(/usr/share/texlive/texmf-dist/tex/latex/oberdiek/grfext.sty
Package: grfext 2010/08/19 v1.1 Manage graphics extensions (HO)

(/usr/share/texlive/texmf-dist/tex/generic/oberdiek/kvdefinekeys.sty
Package: kvdefinekeys 2011/04/07 v1.3 Define keys (HO)
))
(/usr/share/texlive/texmf-dist/tex/latex/oberdiek/kvoptions.sty
Package: kvoptions 2011/06/30 v3.11 Key value format for package options (HO)

(/usr/share/texlive/texmf-dist/tex/generic/oberdiek/kvsetkeys.sty
Package: kvsetkeys 2012/04/25 v1.16 Key value parser (HO)

(/usr/share/texlive/texmf-dist/tex/generic/oberdiek/etexcmds.sty
Package: etexcmds 2011/02/16 v1.5 Avoid name clashes with e-TeX commands (HO)
Package etexcmds Info: Could not find \expanded.
(etexcmds)             That can mean that you are not using pdfTeX 1.50 or
(etexcmds)             that some package has redefined \expanded.
(etexcmds)             In the latter case, load this package earlier.
)))
Package grfext Info: Graphics extension search list:
(grfext)             [.png,.pdf,.jpg,.mps,.jpeg,.jbig2,.jb2,.PNG,.PDF,.JPG,.JPE
G,.JBIG2,.JB2,.eps]
(grfext)             \AppendGraphicsExtensions on input line 452.

(/usr/share/texlive/texmf-dist/tex/latex/latexconfig/epstopdf-sys.cfg
File: epstopdf-sys.cfg 2010/07/13 v1.3 Configuration of (r)epstopdf for TeX Liv
e
))
[1

{/usr/share/texlive/texmf/fonts/map/pdftex/updmap/pdftex.map}]
! Undefined control sequence.
l.114 \url
          {https://rviews.rstudio.com/2020/03/19/simulating-covid-19-interve...
The control sequence at the end of the top line
of your error message was never \def'ed. If you have
misspelled it (e.g., `\hobx'), type `I' and the correct
spelling (e.g., `I\hbox'). Otherwise just continue,
and I'll forget about whatever was undefined.


Overfull \hbox (17.30632pt too wide) in paragraph at lines 114--115
[]\OT1/cmr/m/n/10 https://rviews.rstudio.com/2020/03/19/simulating-covid-19-int
erventions-with-
 []

[2] <"png/SIR".png, id=14, 580.1675pt x 180.675pt>
File: "png/SIR".png Graphic file (type png)
 <use "png/SIR".png>
Package pdftex.def Info: "png/SIR".png used on input line 140.
(pdftex.def)             Requested size: 345.0pt x 107.44092pt.
 [3]
<"png/SIR2".png, id=20, 631.35875pt x 197.73875pt>
File: "png/SIR2".png Graphic file (type png)
 <use "png/SIR2".png>
Package pdftex.def Info: "png/SIR2".png used on input line 164.
(pdftex.def)             Requested size: 345.0pt x 108.05362pt.

<"png/SIR3".png, id=21, 581.17125pt x 242.9075pt>
File: "png/SIR3".png Graphic file (type png)
 <use "png/SIR3".png>
Package pdftex.def Info: "png/SIR3".png used on input line 171.
(pdftex.def)             Requested size: 345.0pt x 144.20001pt.
LaTeX Font Info:    Try loading font information for OMS+cmr on input line 177.


(/usr/share/texlive/texmf-dist/tex/latex/base/omscmr.fd
File: omscmr.fd 1999/05/25 v2.5h Standard LaTeX font definitions
)
LaTeX Font Info:    Font shape `OMS/cmr/m/n' in size <10> not available
(Font)              Font shape `OMS/cmsy/m/n' tried instead on input line 177.

<"png/SIR4".png, id=22, 636.3775pt x 825.0825pt>
File: "png/SIR4".png Graphic file (type png)
 <use "png/SIR4".png>
Package pdftex.def Info: "png/SIR4".png used on input line 188.
(pdftex.def)             Requested size: 345.0pt x 447.30048pt.
 [4 <./png/SIR.png> <./png/SIR2.png>]
Package color Info: Redefining color shadecolor on input line 225.
LaTeX Font Info:    Font shape `OT1/cmtt/bx/n' in size <10> not available
(Font)              Font shape `OT1/cmtt/m/n' tried instead on input line 227.
LaTeX Font Info:    Try loading font information for OMS+cmtt on input line 227
.
 (/usr/share/R/texmf/tex/latex/omscmtt.fd
File: omscmtt.fd 
)
LaTeX Font Info:    Font shape `OMS/cmtt/m/n' in size <10> not available
(Font)              Font shape `OMS/cmsy/m/n' tried instead on input line 227.

Overfull \hbox (85.49625pt too wide) in paragraph at lines 240--240
[][]\OT1/cmtt/m/n/10 out[] []<-[] []as.data.frame[][]([][]ode[][]([][]y[] []= i
nit,[] []times[] []= times,[] []func[] []= sir,[] []parms[] []= parameters))[][
] 
 []

[5 <./png/SIR3.png>] [6 <./png/SIR4.png>]
Package color Info: Redefining color shadecolor on input line 248.

<figure/unnamed-chunk-2-1.pdf, id=40, 505.89pt x 505.89pt>
File: figure/unnamed-chunk-2-1.pdf Graphic file (type pdf)

<use figure/unnamed-chunk-2-1.pdf>
Package pdftex.def Info: figure/unnamed-chunk-2-1.pdf used on input line 249.
(pdftex.def)             Requested size: 345.0pt x 345.00414pt.

Overfull \hbox (15.0pt too wide) in paragraph at lines 249--250
[][] 
 []

[7 <./figure/unnamed-chunk-2-1.pdf>]

LaTeX Warning: Reference `eq:dE' on page 8 undefined on input line 273.

Package color Info: Redefining color shadecolor on input line 292.
[8]
Package color Info: Redefining color shadecolor on input line 338.
 <figure/unnamed-chunk-4-1.pdf, id=55, 505.89pt x 505.89pt>
File: figure/unnamed-chunk-4-1.pdf Graphic file (type pdf)

<use figure/unnamed-chunk-4-1.pdf>
Package pdftex.def Info: figure/unnamed-chunk-4-1.pdf used on input line 339.
(pdftex.def)             Requested size: 345.0pt x 345.00414pt.

Overfull \hbox (15.0pt too wide) in paragraph at lines 339--340
[][] 
 []

[9]
Overfull \hbox (6.38959pt too wide) in paragraph at lines 346--347
\OT1/cmr/m/n/10 malaria and mosquitos, we should add ad-di-tional com-part-ment
s, namely suscecpt-
 []

[10 <./figure/unnamed-chunk-4-1.pdf>]
Package color Info: Redefining color shadecolor on input line 367.

Overfull \hbox (148.4957pt too wide) in paragraph at lines 407--407
[][]\OT1/cmtt/m/n/10 legend[][]([][]300[][],[][]0.7[][],[][]legend[][]=[][]c[][
]([][]"S"[][],[][]"E"[][],[][]"I"[][],[][]"R"[][]),[][]col[][]=[][]c[][]([][]"b
lue"[][],[][]"orange"[][],[][]"red"[][],[][]"green"[][]),[] []lty[][]=[][]1[][]
,[] []cex[][]=[][]0.8[][])[][] 
 []

<figure/unnamed-chunk-5-1.pdf, id=67, 505.89pt x 505.89pt>
File: figure/unnamed-chunk-5-1.pdf Graphic file (type pdf)

<use figure/unnamed-chunk-5-1.pdf>
Package pdftex.def Info: figure/unnamed-chunk-5-1.pdf used on input line 410.
(pdftex.def)             Requested size: 345.0pt x 345.00414pt.

Overfull \hbox (15.0pt too wide) in paragraph at lines 410--411
[][] 
 []

[11] [12 <./figure/unnamed-chunk-5-1.pdf>]
Overfull \hbox (122.3122pt too wide) in paragraph at lines 438--450
 [][] 
 []

Package color Info: Redefining color shadecolor on input line 462.
[13]
Package color Info: Redefining color shadecolor on input line 492.

Overfull \hbox (22.24686pt too wide) in paragraph at lines 510--510
[]      []\OT1/cmtt/m/n/10 if[][](data_array[tmp2[i,[][]1[][]],[][]5[][],t][][]
==[][]2[] []&[] []data_array[tmp2[i,[][]2[][]],[][]5[][],t][][]==[][]1[][])\OMS
/cmsy/m/n/10 f[][] 
 []


Overfull \hbox (22.24686pt too wide) in paragraph at lines 514--514
[]      []\OT1/cmtt/m/n/10 if[][](data_array[tmp2[i,[][]2[][]],[][]5[][],t][][]
==[][]2[] []&[] []data_array[tmp2[i,[][]1[][]],[][]5[][],t][][]==[][]1[][])\OMS
/cmsy/m/n/10 f[][] 
 []


Overfull \hbox (22.24686pt too wide) in paragraph at lines 518--518
[]      []\OT1/cmtt/m/n/10 if[][](data_array[tmp2[i,[][]1[][]],[][]5[][],t][][]
==[][]3[] []&[] []data_array[tmp2[i,[][]2[][]],[][]5[][],t][][]==[][]1[][])\OMS
/cmsy/m/n/10 f[][] 
 []


Overfull \hbox (22.24686pt too wide) in paragraph at lines 522--522
[]      []\OT1/cmtt/m/n/10 if[][](data_array[tmp2[i,[][]1[][]],[][]5[][],t][][]
==[][]1[] []&[] []data_array[tmp2[i,[][]2[][]],[][]5[][],t][][]==[][]3[][])\OMS
/cmsy/m/n/10 f[][] 
 []

[14]
Package color Info: Redefining color shadecolor on input line 544.

Overfull \hbox (64.49643pt too wide) in paragraph at lines 561--561
[][]\OT1/cmtt/m/n/10 dimnames[][](data_arr)[[[][]2[][]]][] []<-[] []c[][]([][]"
x"[][],[] []"y"[][],[] []"theta"[][],[] []"velocity"[][],[] []"status"[][],[] [
]"count"[][])[][] 
 []


Overfull \hbox (116.99597pt too wide) in paragraph at lines 607--607
[]    []\OT1/cmtt/m/n/10 if[][](data_arr[s,[][]5[][],t][][]==[][]1[] []|[] []da
ta_arr[s,[][]5[][],t][][]==[][]0[][]) data_arr[s,[][]6[][],t][][]=[][]0[] []\OT
1/cmtt/m/it/10 # Reset Susceptables  [][] 
 []

[15] [16]
Package color Info: Redefining color shadecolor on input line 638.
Package color Info: Redefining color shadecolor on input line 672.
 [17]
Overfull \hbox (8.48305pt too wide) in paragraph at lines 675--675
[][]\OT1/cmtt/m/it/10 # Susceptable 1, Exposed-Asymptomatic 2, Symptomatic 3, R
ecovered 4[][] 
 []


Overfull \hbox (6.74693pt too wide) in paragraph at lines 687--687
[][]\OT1/cmtt/m/n/10 results[t,][] []<-[] []data.frame[][]([][]Days[] []= days,
[] []Sh[] []= sh,[] []S[][]=s,[] []E[][]=e,[] []I[][]=i,[] []R[][]=r)[][] 
 []


Overfull \hbox (652.4913pt too wide) in paragraph at lines 691--691
[][]\OT1/cmtt/m/n/10 plot[][](S[][]~[][]Days,[] []data[][]=results,[] []ty[][]=
[][]^^Ml^^M[][],[] []col[][]=SEIRcol[[][]1[][]],[] []ylab[][]=[][]""[][],[] []y
lim[][]=[][]c[][]([][]0[][],params[m,[][]2[][]]),[] []xlab[][]=[][]"Days"[][],[
] []xlim[][]=[][]c[][]([][]0[][],tstep[][]/[][]24[][]),[] []lwd[][]=[][]2[][],[
] []main[] []=[] []paste[][](params[m,[] []1[][]],[] []", Stationary ="[][], pa
rams[m,[][]5[][]][][]*[][]100[][],[] []"%"[][]))[][] 
 []


Overfull \hbox (32.9967pt too wide) in paragraph at lines 700--700
[]  []\OT1/cmtt/m/n/10 "/home/CAMPUS/mwl04747/github/beginnersluck/Epidemiology
/Model1.png"[][]);[][] 
 []


Overfull \hbox (32.9967pt too wide) in paragraph at lines 703--703
[]  []\OT1/cmtt/m/n/10 "/home/CAMPUS/mwl04747/github/beginnersluck/Epidemiology
/Model2.png"[][]);[][] 
 []


Overfull \hbox (32.9967pt too wide) in paragraph at lines 706--706
[]  []\OT1/cmtt/m/n/10 "/home/CAMPUS/mwl04747/github/beginnersluck/Epidemiology
/Model3.png"[][]);[][] 
 []


Overfull \hbox (32.9967pt too wide) in paragraph at lines 709--709
[]  []\OT1/cmtt/m/n/10 "/home/CAMPUS/mwl04747/github/beginnersluck/Epidemiology
/Model4.png"[][]);[][] 
 []

<Model1.png, id=95, 481.8pt x 481.8pt>
File: Model1.png Graphic file (type png)
 <use Model1.png>
Package pdftex.def Info: Model1.png used on input line 716.
(pdftex.def)             Requested size: 345.0pt x 345.00635pt.

<Model2.png, id=96, 481.8pt x 481.8pt>
File: Model2.png Graphic file (type png)
 <use Model2.png>
Package pdftex.def Info: Model2.png used on input line 721.
(pdftex.def)             Requested size: 345.0pt x 345.00635pt.

<Model3.png, id=97, 481.8pt x 481.8pt>
File: Model3.png Graphic file (type png)
 <use Model3.png>
Package pdftex.def Info: Model3.png used on input line 726.
(pdftex.def)             Requested size: 345.0pt x 345.00635pt.

<Model4.png, id=98, 481.8pt x 481.8pt>
File: Model4.png Graphic file (type png)
 <use Model4.png>
Package pdftex.def Info: Model4.png used on input line 731.
(pdftex.def)             Requested size: 345.0pt x 345.00635pt.

<SSModel1.png, id=99, 481.8pt x 481.8pt>
File: SSModel1.png Graphic file (type png)
 <use SSModel1.png>
Package pdftex.def Info: SSModel1.png used on input line 742.
(pdftex.def)             Requested size: 345.0pt x 345.00635pt.

<SSModel2.png, id=100, 481.8pt x 481.8pt>
File: SSModel2.png Graphic file (type png)
 <use SSModel2.png>
Package pdftex.def Info: SSModel2.png used on input line 747.
(pdftex.def)             Requested size: 345.0pt x 345.00635pt.

<SSModel3.png, id=101, 481.8pt x 481.8pt>
File: SSModel3.png Graphic file (type png)
 <use SSModel3.png>
Package pdftex.def Info: SSModel3.png used on input line 752.
(pdftex.def)             Requested size: 345.0pt x 345.00635pt.

<SSModel4.png, id=102, 481.8pt x 481.8pt>
File: SSModel4.png Graphic file (type png)
 <use SSModel4.png>
Package pdftex.def Info: SSModel4.png used on input line 757.
(pdftex.def)             Requested size: 345.0pt x 345.00635pt.
 [18] [19 <./Model1.png (PNG copy)>] [20 <./Model2.png (PNG copy)>] [21 <./Mode
l3.png (PNG copy)>] [22 <./Model4.png (PNG copy)>] [23 <./SSModel1.png (PNG cop
y)>] [24 <./SSModel2.png (PNG copy)>] [25 <./SSModel3.png (PNG copy)>] [26 <./S
SModel4.png (PNG copy)>] <SEIRS.png, id=132, 828.09375pt x 639.89063pt>
File: SEIRS.png Graphic file (type png)
 <use SEIRS.png>
Package pdftex.def Info: SEIRS.png used on input line 793.
(pdftex.def)             Requested size: 345.0pt x 266.59439pt.
Package color Info: Redefining color shadecolor on input line 813.

Overfull \hbox (6.74693pt too wide) in paragraph at lines 818--818
[][]\OT1/cmtt/m/n/10 param[] []<-[] []param.icm[][]([][]inf.prob[] []=[] []0.05
[][],[] []act.rate[] []=[] []10[][],[] []rec.rate[] []=[] []1[][]/[][]20[][],[]
[] 
 []


Overfull \hbox (64.49643pt too wide) in paragraph at lines 819--819
[]    []\OT1/cmtt/m/n/10 a.rate[] []= ([][]10.5[][]/[][]365[][])[][]/[][]1000[]
[],[] []ds.rate[] []= ([][]7[][]/[][]365[][])[][]/[][]1000[][],[] []di.rate[] [
]= ([][]14[][]/[][]365[][])[][]/[][]1000[][],[][] 
 []

[27] [28 <./SEIRS.png (PNG copy)>]
Package color Info: Redefining color shadecolor on input line 857.

<figure/unnamed-chunk-12-1.pdf, id=139, 505.89pt x 505.89pt>
File: figure/unnamed-chunk-12-1.pdf Graphic file (type pdf)

<use figure/unnamed-chunk-12-1.pdf>
Package pdftex.def Info: figure/unnamed-chunk-12-1.pdf used on input line 862.
(pdftex.def)             Requested size: 345.0pt x 345.00414pt.

Overfull \hbox (15.0pt too wide) in paragraph at lines 862--863
[][] 
 []

Package color Info: Redefining color shadecolor on input line 868.
[29] <figure/unnamed-chunk-13-1.pdf, id=143, 505.89pt x 505.89pt>
File: figure/unnamed-chunk-13-1.pdf Graphic file (type pdf)

<use figure/unnamed-chunk-13-1.pdf>
Package pdftex.def Info: figure/unnamed-chunk-13-1.pdf used on input line 873.
(pdftex.def)             Requested size: 345.0pt x 345.00414pt.

Overfull \hbox (15.0pt too wide) in paragraph at lines 873--874
[][] 
 []

Package color Info: Redefining color shadecolor on input line 878.
[30 <./figure/unnamed-chunk-12-1.pdf>]
Overfull \hbox (32.74677pt too wide) in paragraph at lines 881--881
[]    []\OT1/cmtt/m/n/10 i_num[] []=[] []3[][],[] []n_steps[] []=[] []365[][],[
] []n_sims[] []=[] []10[][],[] []si_mean[] []=[] []7.5[][],[] []si_sd[] []=[] [
]3.4[][]) \OMS/cmsy/m/n/10 f[][] 
 []


Overfull \hbox (43.49661pt too wide) in paragraph at lines 885--885
[]        []\OT1/cmtt/m/n/10 rec.rate[] []=[] []1[][]/[][]20[][],[] []a.rate[] 
[]= ([][]10.5[][]/[][]365[][])[][]/[][]1000[][],[] []ds.rate[] []= ([][]7[][]/[
][]365[][])[][]/[][]1000[][],[][] 
 []


Overfull \hbox (43.49661pt too wide) in paragraph at lines 889--889
[]    []\OT1/cmtt/m/n/10 control[] []<-[] []control.icm[][]([][]type[] []=[] []
"SIR"[][],[] []nsteps[] []= n_steps,[] []nsims[] []= n_sims)[][] 
 []


Overfull \hbox (32.9967pt too wide) in paragraph at lines 895--895
[]    []\OT1/cmtt/m/n/10 incidence_rates[] []<-[] []as.data.frame[][](sim,[] []
out[] []=[] []"mean"[][])[] []%>%[] []select[][](time,[][] 
 []


Overfull \hbox (53.99652pt too wide) in paragraph at lines 896--896
[]        []\OT1/cmtt/m/n/10 si.flow, i.num)[] []%>%[] []mutate[][]([][]act_rat
e[] []= act_rate,[] []inf_prob[] []= inf_prob,[][] 
 []


Overfull \hbox (32.9967pt too wide) in paragraph at lines 897--897
[]        []\OT1/cmtt/m/n/10 total_cases[] []=[] []sum[][](si.flow),[] []max_pr
ev[] []=[] []max[][](i.num,[] []na.rm[] []=[] []TRUE[][]))[][] 
 []


Overfull \hbox (11.99689pt too wide) in paragraph at lines 902--902
[]        []\OT1/cmtt/m/n/10 act.rate[] []==[] []act_rate, inf.prob[] []==[] []
inf_prob)[] []%>%[] []select[][](time,[][] 
 []


Overfull \hbox (27.74675pt too wide) in paragraph at lines 915--915
[]            []\OT1/cmtt/m/n/10 filter[][](time[] []<=[] []peaky_blinder)[] []
%>%[] []select[][](time, si.flow)[] []%>%[][] 
 []


Overfull \hbox (17.24684pt too wide) in paragraph at lines 918--918
[]        []\OT1/cmtt/m/n/10 local_growth_phase_cases[] []<-[] []local_growth_p
hase_case_dates[] []%>%[][] 
 []


Overfull \hbox (32.9967pt too wide) in paragraph at lines 926--926
[]        []\OT1/cmtt/m/n/10 incidence_rates[] []<-[] []incidence_rates[] []%>%
[] []mutate[][]([][]mle_R0[] []= res[][]$[][]R_ml)[][] 
 []


Overfull \hbox (1.49698pt too wide) in paragraph at lines 929--929
[]        []\OT1/cmtt/m/n/10 incidence_rates[] []<-[] []incidence_rates[] []%>%
[] []mutate[][]([][]mle_R0[] []=[] []NA[][])[][] 
 []


Overfull \vbox (0.13744pt too high) detected at line 935
 []

[31 <./figure/unnamed-chunk-13-1.pdf>]
Package color Info: Redefining color shadecolor on input line 940.

Overfull \hbox (27.74675pt too wide) in paragraph at lines 945--945
[][]\OT1/cmtt/m/n/10 sims_incidence_rates[] []<-[] []tibble[][]([][]time[] []=[
] []integer[][]([][]0[][]),[] []si.flow[] []=[] []numeric[][]([][]0[][]),[][] 
 []


Overfull \hbox (17.24684pt too wide) in paragraph at lines 946--946
[]    []\OT1/cmtt/m/n/10 i.num[] []=[] []numeric[][]([][]0[][]),[] []act_rate[]
 []=[] []numeric[][]([][]0[][]),[] []inf_prob[] []=[] []numeric[][]([][]0[][]),
[][] 
 []


Overfull \hbox (38.24666pt too wide) in paragraph at lines 947--947
[]    []\OT1/cmtt/m/n/10 total_cases[] []=[] []numeric[][]([][]0[][]),[] []max_
prev[] []=[] []numeric[][]([][]0[][]),[] []mle_R0[] []=[] []numeric[][]([][]0[]
[]))[][] 
 []


Overfull \hbox (116.99597pt too wide) in paragraph at lines 956--956
[]        []\OT1/cmtt/m/n/10 sims_incidence_rates[] []<-[] []sims_incidence_rat
es[] []%>%[] []bind_rows[][]([][]run_sir_sim[][](inf.prob,[][] 
 []

[32]
Package color Info: Redefining color shadecolor on input line 965.

Overfull \hbox (148.4957pt too wide) in paragraph at lines 968--968
[][]\OT1/cmtt/m/n/10 sims_incidence_rates[] []<-[] []sims_incidence_rates[] []%
>%[] []mutate[][]([][]act_rate_facet_label[] []=[] []paste[][](act_rate,[][] 
 []


Overfull \hbox (184.99544pt too wide) in paragraph at lines 969--969
[]    []\OT1/cmtt/m/n/10 "exposures per day"[][]),[] []inf_prob_facet_label[] [
]=[] []paste[][]([][]"Probability of infection\OMS/cmsy/m/n/10 n\OT1/cmtt/m/n/1
0 nat each exposure:"[][],[][] 
 []


Overfull \hbox (95.99615pt too wide) in paragraph at lines 970--970
[]    []\OT1/cmtt/m/n/10 inf_prob))[] []%>%[] []arrange[][]([][]desc[][](act_ra
te))[] []%>%[] []mutate_at[][]([][]vars[][](act_rate_facet_label),[][] 
 []


Overfull \hbox (32.9967pt too wide) in paragraph at lines 971--971
[]    []\OT1/cmtt/m/n/10 funs[][]([][]factor[][](.,[] []levels[] []=[] []unique
[][](.))))[] []%>%[] []arrange[][]([][]desc[][](inf_prob))[] []%>%[][] 
 []


Overfull \hbox (85.49625pt too wide) in paragraph at lines 972--972
[]    []\OT1/cmtt/m/n/10 mutate_at[][]([][]vars[][](inf_prob_facet_label),[] []
funs[][]([][]factor[][](.,[] []levels[] []=[] []unique[][](.))))[] []%>%[][] 
 []


Overfull \hbox (1.49698pt too wide) in paragraph at lines 979--979
[][]\OT1/cmtt/m/n/10 sims_incidence_rates_facet_annotations[] []<-[] []sims_inc
idence_rates[] []%>%[][] 
 []


Overfull \hbox (121.99599pt too wide) in paragraph at lines 981--981
[]        []\OT1/cmtt/m/n/10 "\OMS/cmsy/m/n/10 n\OT1/cmtt/m/n/10 n"[][],[] []ro
und[][]([][]100[] []*[] []total_cases[][]/[][]1000[][],[] []digits[] []=[] []0[
][]),[] []"% of population infected"[][]))[] []%>%[][] 
 []


Overfull \hbox (17.24684pt too wide) in paragraph at lines 985--985
[][]\OT1/cmtt/m/n/10 sims_incidence_rates[] []%>%[] []filter[][](time[] []<=[] 
[]365[][])[] []%>%[] []ggplot[][]([][]aes[][]([][]x[] []= time,[][] 
 []


Overfull \hbox (38.24666pt too wide) in paragraph at lines 989--989
[]        []\OT1/cmtt/m/n/10 mapping[] []=[] []aes[][]([][]x[] []=[] []50[][],[
] []y[] []=[] []0.8[] []*[] []max[][](sims_incidence_rates[][]$[][]si.flow,[][]
 
 []


Overfull \hbox (11.99689pt too wide) in paragraph at lines 990--990
[]            []\OT1/cmtt/m/n/10 na.rm[] []=[] []TRUE[][]),[] []label[] []= lab
el),[] []parse[] []=[] []FALSE[][],[] []hjust[] []=[] []0[][],[][] 
 []


Overfull \hbox (27.74675pt too wide) in paragraph at lines 991--991
[]        []\OT1/cmtt/m/n/10 vjust[] []=[] []0[][],[] []size[] []=[] []3[][])[]
 []+[] []labs[][]([][]x[] []=[] []"Days since start of epidemic"[][],[][] 
 []


Overfull \hbox (169.49551pt too wide) in paragraph at lines 992--992
[]    []\OT1/cmtt/m/n/10 y[] []=[] []"New cases per day"[][],[] []title[] []=[]
 []"Modelling of new cases of COVID-19 per day: incidence rate"[][],[][] 
 []


Overfull \hbox (74.99634pt too wide) in paragraph at lines 993--993
[]    []\OT1/cmtt/m/n/10 subtitle[] []=[] []paste[][]([][]"with varying levels 
of social mixing (exposures per day)"[][],[][] 
 []


Overfull \hbox (32.9967pt too wide) in paragraph at lines 995--995
[]    []\OT1/cmtt/m/n/10 theme[][]([][]legend.position[] []=[] []"top"[][],[] [
]strip.text[] []=[] []element_text[][]([][]size[] []=[] []14[][]))[][] 
 []

[33] <figure/unnamed-chunk-16-1.pdf, id=173, 505.89pt x 505.89pt>
File: figure/unnamed-chunk-16-1.pdf Graphic file (type pdf)

<use figure/unnamed-chunk-16-1.pdf>
Package pdftex.def Info: figure/unnamed-chunk-16-1.pdf used on input line 998.
(pdftex.def)             Requested size: 345.0pt x 345.00414pt.

Overfull \hbox (15.0pt too wide) in paragraph at lines 998--999
[][] 
 []

Package color Info: Redefining color shadecolor on input line 1009.
Package color Info: Redefining color shadecolor on input line 1017.
[34 <./figure/unnamed-chunk-16-1.pdf>]
Overfull \hbox (38.24666pt too wide) in paragraph at lines 1019--1019
[][]\OT1/cmtt/m/n/10 source_files[] []<-[] []c[][]([][]"_icm.mod.init.seiqhrf.R
"[][],[] []"_icm.mod.status.seiqhrf.R"[][],[][] 
 []


Overfull \hbox (80.24629pt too wide) in paragraph at lines 1020--1020
[]    []\OT1/cmtt/m/n/10 "_icm.mod.vital.seiqhrf.R"[][],[] []"_icm.control.seiq
hrf.R"[][],[] []"_icm.utils.seiqhrf.R"[][],[][] 
 []


Overfull \hbox (80.24629pt too wide) in paragraph at lines 1023--1023
[][]\OT1/cmtt/m/n/10 src_path[] []<-[] []paste0[][]([][]"./_posts/2020-03-18-mo
delling-the-effects-of-public-health-"[][],[][] 
 []


Overfull \hbox (85.49625pt too wide) in paragraph at lines 1026--1026
[][]\OT1/cmtt/m/n/10 gist_url[] []<-[] []"https://gist.github.com/timchurches/9
2073d0ea75cfbd387f91f7c6e624bd7"[][] 
 []


Overfull \hbox (493.52267pt too wide) in paragraph at lines 1040--1041
[]\OT1/cmtt/m/it/10 ## Sourcing https://gist.githubusercontent.com/timchurches/
92073d0ea75cfbd387f91f7c6e624bd7/raw/669fffee6c37fd3345862d56b13b3f30f21e7ea9/[
]icm.mod.init.seiqhrf.R[] 
 []


Overfull \hbox (504.02258pt too wide) in paragraph at lines 1044--1045
[]\OT1/cmtt/m/it/10 ## Sourcing https://gist.githubusercontent.com/timchurches/
92073d0ea75cfbd387f91f7c6e624bd7/raw/8b63fae903bf8f83d4a583344c380ed9fac99b81/[
]icm.mod.status.seiqhrf.R[] 
 []


Overfull \hbox (498.77263pt too wide) in paragraph at lines 1048--1049
[]\OT1/cmtt/m/it/10 ## Sourcing https://gist.githubusercontent.com/timchurches/
92073d0ea75cfbd387f91f7c6e624bd7/raw/d84384f08c7a7dc4f98c5ba20c84a994d0909501/[
]icm.mod.vital.seiqhrf.R[] 
 []


Overfull \hbox (488.27272pt too wide) in paragraph at lines 1052--1053
[]\OT1/cmtt/m/it/10 ## Sourcing https://gist.githubusercontent.com/timchurches/
92073d0ea75cfbd387f91f7c6e624bd7/raw/c3ad4e18811f594f0f373e6d1c45aa3dbbd4cbac/[
]icm.control.seiqhrf.R[] 
 []


Overfull \hbox (477.77281pt too wide) in paragraph at lines 1056--1057
[]\OT1/cmtt/m/it/10 ## Sourcing https://gist.githubusercontent.com/timchurches/
92073d0ea75cfbd387f91f7c6e624bd7/raw/f87f429340386f92246340aeffa669997b9ac3a1/[
]icm.utils.seiqhrf.R[] 
 []


Overfull \hbox (488.27272pt too wide) in paragraph at lines 1060--1061
[]\OT1/cmtt/m/it/10 ## Sourcing https://gist.githubusercontent.com/timchurches/
92073d0ea75cfbd387f91f7c6e624bd7/raw/de23f19a93f82585bceecd31a47b4be9dec802e8/[
]icm.saveout.seiqhrf.R[] 
 []


Overfull \hbox (467.2729pt too wide) in paragraph at lines 1064--1065
[]\OT1/cmtt/m/it/10 ## Sourcing https://gist.githubusercontent.com/timchurches/
92073d0ea75cfbd387f91f7c6e624bd7/raw/824302a1c10a353e1dce47e6f53d3a73ebac9849/[
]icm.icm.seiqhrf.R[] 
 []

Package color Info: Redefining color shadecolor on input line 1071.

Overfull \vbox (1.09999pt too high) detected at line 1189
 []

[35]
Underfull \vbox (badness 10000) detected at line 1189
 []


Underfull \vbox (badness 10000) detected at line 1189
 []

[36]
Underfull \vbox (badness 10000) detected at line 1189
 []


Underfull \vbox (badness 10000) detected at line 1189
 []

[37]
Package color Info: Redefining color shadecolor on input line 1194.

Overfull \hbox (95.99615pt too wide) in paragraph at lines 1214--1214
[]        []\OT1/cmtt/m/n/10 mutate[][]([][]incubation_period[] []= infTime[] [
]-[] []expTime,[] []illness_duration[] []= recovTime[] []-[][] 
 []


Overfull \hbox (43.49661pt too wide) in paragraph at lines 1216--1216
[]            []\OT1/cmtt/m/n/10 hosp_los[] []= dischTime[] []-[] []hospTime,[]
 []quarantine_delay[] []= quarTime[] []-[][] 
 []


Overfull \hbox (32.9967pt too wide) in paragraph at lines 1218--1218
[]        []\OT1/cmtt/m/n/10 select[][](s, incubation_period, quarantine_delay,
 illness_duration,[][] 
 []


Overfull \hbox (64.49643pt too wide) in paragraph at lines 1220--1220
[]        []\OT1/cmtt/m/n/10 pivot_longer[][]([][]-[][]s,[] []names_to[] []=[] 
[]"period_type"[][],[] []values_to[] []=[] []"duration"[][])[] []%>%[][] 
 []


Overfull \hbox (74.99634pt too wide) in paragraph at lines 1221--1221
[]        []\OT1/cmtt/m/n/10 mutate[][]([][]period_type[] []=[] []factor[][](pe
riod_type,[] []levels[] []=[] []c[][]([][]"incubation_period"[][],[][] 
 []


Overfull \hbox (53.99652pt too wide) in paragraph at lines 1222--1222
[]            []\OT1/cmtt/m/n/10 "quarantine_delay"[][],[] []"illness_duration"
[][],[] []"illness_duration_hosp"[][],[][] 
 []


Overfull \hbox (38.24666pt too wide) in paragraph at lines 1223--1223
[]            []\OT1/cmtt/m/n/10 "hosp_los"[][],[] []"survival_time"[][]),[] []
labels[] []=[] []c[][]([][]"Incubation period"[][],[][] 
 []


Overfull \hbox (106.49606pt too wide) in paragraph at lines 1224--1224
[]            []\OT1/cmtt/m/n/10 "Delay entering isolation"[][],[] []"Illness d
uration"[][],[] []"Illness duration (hosp)"[][],[][] 
 []


Overfull \hbox (90.7462pt too wide) in paragraph at lines 1225--1225
[]            []\OT1/cmtt/m/n/10 "Hospital care required duration"[][],[] []"Su
rvival time of case fatalities"[][]),[][] 
 []

[38]
Package color Info: Redefining color shadecolor on input line 1234.

Overfull \hbox (12.83684pt too wide) in paragraph at lines 1240--1240
[]\OT1/cmtt/m/n/10 ## Error in get[]times(baseline[]sim): object 'baseline[]sim
' not found[] 
 []

Package color Info: Redefining color shadecolor on input line 1244.

Overfull \hbox (106.49606pt too wide) in paragraph at lines 1248--1248
[]    []\OT1/cmtt/m/n/10 labs[][]([][]title[] []=[] []"Duration frequency distr
ibutions"[][],[] []subtitle[] []=[] []"Baseline simulation"[][])[][] 
 []


Overfull \hbox (14.30684pt too wide) in paragraph at lines 1252--1252
[]\OT1/cmtt/m/n/10 ## Error in UseMethod("filter[]"): no applicable method for 
'filter[]'
 []

Package color Info: Redefining color shadecolor on input line 1256.
Package color Info: Redefining color shadecolor on input line 1264.

Overfull \hbox (39.98277pt too wide) in paragraph at lines 1266--1266
[][]\OT1/cmtt/m/n/10 baseline_plot_df[] []<-[] []baseline_sim[][]$[][]df[] []%>
%[] []\OT1/cmtt/m/it/10 # use only the prevalence columns[][] 
 []


Overfull \hbox (32.9967pt too wide) in paragraph at lines 1270--1270
[][]\OT1/cmtt/m/n/10 filter[][](time[] []<=[] []100[][])[] []%>%[] []pivot_long
er[][]([][]-[][]c[][](time),[] []names_to[] []=[] []"compartment"[][],[][] 
 []


Overfull \hbox (27.74675pt too wide) in paragraph at lines 1277--1277
[][]\OT1/cmtt/m/n/10 complabels[] []<-[] []c[][]([][]s.num[] []=[] []"Susceptib
le"[][],[] []e.num[] []=[] []"Infected/asymptomatic"[][],[][] 
 []


Overfull \hbox (153.74565pt too wide) in paragraph at lines 1278--1278
[]    []\OT1/cmtt/m/n/10 i.num[] []=[] []"Infected/infectious"[][],[] []q.num[]
 []=[] []"Self-isolated"[][],[] []h.num[] []=[] []"Requires hospitalisation"[][
],[][] 
 []


Overfull \hbox (59.24648pt too wide) in paragraph at lines 1281--1281
[][]\OT1/cmtt/m/n/10 baseline_plot_df[] []%>%[] []ggplot[][]([][]aes[][]([][]x[
] []= time,[] []y[] []= count,[] []colour[] []= compartment))[] []+[][] 
 []


Overfull \hbox (59.24648pt too wide) in paragraph at lines 1282--1282
[]    []\OT1/cmtt/m/n/10 geom_line[][]([][]size[] []=[] []2[][],[] []alpha[] []
=[] []0.7[][])[] []+[] []scale_colour_manual[][]([][]values[] []= compcols,[][]
 
 []


Overfull \hbox (59.24648pt too wide) in paragraph at lines 1283--1283
[]    []\OT1/cmtt/m/n/10 labels[] []= complabels)[] []+[] []theme_dark[][]()[] 
[]+[] []labs[][]([][]title[] []=[] []"Baseline simulation"[][],[][] 
 []


Overfull \hbox (27.74675pt too wide) in paragraph at lines 1284--1284
[]    []\OT1/cmtt/m/n/10 x[] []=[] []"Days since beginning of epidemic"[][],[] 
[]y[] []=[] []"Prevalence (persons)"[][])[][] 
 []


Overfull \hbox (10.52689pt too wide) in paragraph at lines 1288--1288
[]\OT1/cmtt/m/n/10 ## Warning: Removed 5 row(s) containing missing values (geom
[]path).[] 
 []

<figure/unnamed-chunk-24-1.pdf, id=196, 505.89pt x 505.89pt>
File: figure/unnamed-chunk-24-1.pdf Graphic file (type pdf)

<use figure/unnamed-chunk-24-1.pdf>
Package pdftex.def Info: figure/unnamed-chunk-24-1.pdf used on input line 1289.

(pdftex.def)             Requested size: 345.0pt x 345.00414pt.

Overfull \hbox (15.0pt too wide) in paragraph at lines 1289--1290
[][] 
 []

Package color Info: Redefining color shadecolor on input line 1294.
[39]
Overfull \hbox (6.74693pt too wide) in paragraph at lines 1297--1297
[]    []\OT1/cmtt/m/n/10 "q.num"[][],[] []"h.num"[][],[] []"f.num"[][]))[] []%>
%[] []ggplot[][]([][]aes[][]([][]x[] []= time,[] []y[] []= count,[][] 
 []


Overfull \hbox (148.4957pt too wide) in paragraph at lines 1300--1300
[]    []\OT1/cmtt/m/n/10 theme_dark[][]()[] []+[] []labs[][]([][]title[] []=[] 
[]"Baseline simulation"[][],[] []x[] []=[] []"Days since beginning of epidemic"
[][],[][] 
 []


Overfull \hbox (10.52689pt too wide) in paragraph at lines 1305--1305
[]\OT1/cmtt/m/n/10 ## Warning: Removed 4 row(s) containing missing values (geom
[]path).[] 
 []

<figure/unnamed-chunk-25-1.pdf, id=200, 505.89pt x 505.89pt>
File: figure/unnamed-chunk-25-1.pdf Graphic file (type pdf)

<use figure/unnamed-chunk-25-1.pdf>
Package pdftex.def Info: figure/unnamed-chunk-25-1.pdf used on input line 1306.

(pdftex.def)             Requested size: 345.0pt x 345.00414pt.

Overfull \hbox (15.0pt too wide) in paragraph at lines 1306--1307
[][] 
 []

Package color Info: Redefining color shadecolor on input line 1311.
[40 <./figure/unnamed-chunk-24-1.pdf>]
<figure/unnamed-chunk-26-1.pdf, id=212, 505.89pt x 505.89pt>
File: figure/unnamed-chunk-26-1.pdf Graphic file (type pdf)

<use figure/unnamed-chunk-26-1.pdf>
Package pdftex.def Info: figure/unnamed-chunk-26-1.pdf used on input line 1326.

(pdftex.def)             Requested size: 345.0pt x 345.00414pt.

Overfull \hbox (15.0pt too wide) in paragraph at lines 1326--1327
[][] 
 []

Package color Info: Redefining color shadecolor on input line 1331.
[41 <./figure/unnamed-chunk-25-1.pdf>] [42 <./figure/unnamed-chunk-26-1.pdf>]
(./SEIR_v08.aux)

LaTeX Warning: There were undefined references.

 ) 
Here is how much of TeX's memory you used:
 7994 strings out of 494820
 137087 string characters out of 3178048
 224868 words of memory out of 3000000
 11047 multiletter control sequences out of 15000+200000
 9359 words of font info for 35 fonts, out of 3000000 for 9000
 198 hyphenation exceptions out of 8191
 44i,9n,39p,686b,274s stack positions out of 5000i,500n,10000p,200000b,50000s
</usr/share/texlive/texmf-dist/fonts/type1/public/amsfonts/cm/cmbx10.pfb></us
r/share/texlive/texmf-dist/fonts/type1/public/amsfonts/cm/cmbx12.pfb></usr/shar
e/texlive/texmf-dist/fonts/type1/public/amsfonts/cm/cmitt10.pfb></usr/share/tex
live/texmf-dist/fonts/type1/public/amsfonts/cm/cmmi10.pfb></usr/share/texlive/t
exmf-dist/fonts/type1/public/amsfonts/cm/cmmi7.pfb></usr/share/texlive/texmf-di
st/fonts/type1/public/amsfonts/cm/cmr10.pfb></usr/share/texlive/texmf-dist/font
s/type1/public/amsfonts/cm/cmr12.pfb></usr/share/texlive/texmf-dist/fonts/type1
/public/amsfonts/cm/cmr17.pfb></usr/share/texlive/texmf-dist/fonts/type1/public
/amsfonts/cm/cmr7.pfb></usr/share/texlive/texmf-dist/fonts/type1/public/amsfont
s/cm/cmsy10.pfb></usr/share/texlive/texmf-dist/fonts/type1/public/amsfonts/cm/c
mtt10.pfb>
Output written on SEIR_v08.pdf (42 pages, 922318 bytes).
PDF statistics:
 273 PDF objects out of 1000 (max. 8388607)
 181 compressed objects within 2 object streams
 0 named destinations out of 1000 (max. 500000)
 111 words of extra memory for PDF output out of 10000 (max. 10000000)

