This is pdfTeX, Version 3.1415926-2.5-1.40.14 (TeX Live 2013) (format=pdflatex 2019.11.11)  20 MAR 2020 17:14
entering extended mode
 restricted \write18 enabled.
 %&-line parsing enabled.
**SEIR_v07.tex
(./SEIR_v07.tex
LaTeX2e <2011/06/27>
Babel <v3.8m> and hyphenation patterns for english, dumylang, nohyphenation, uk
rainian, russian, bulgarian, loaded.
(/usr/share/texlive/texmf-dist/tex/latex/base/article.cls
Document Class: article 2007/10/19 v1.4h Standard LaTeX document class
(/usr/share/texlive/texmf-dist/tex/latex/base/size10.clo
File: size10.clo 2007/10/19 v1.4h Standard LaTeX file (size option)
)
\c@part=\count79
\c@section=\count80
\c@subsection=\count81
\c@subsubsection=\count82
\c@paragraph=\count83
\c@subparagraph=\count84
\c@figure=\count85
\c@table=\count86
\abovecaptionskip=\skip41
\belowcaptionskip=\skip42
\bibindent=\dimen102
)
(/usr/share/texlive/texmf-dist/tex/latex/graphics/graphicx.sty
Package: graphicx 1999/02/16 v1.0f Enhanced LaTeX Graphics (DPC,SPQR)

(/usr/share/texlive/texmf-dist/tex/latex/graphics/keyval.sty
Package: keyval 1999/03/16 v1.13 key=value parser (DPC)
\KV@toks@=\toks14
)
(/usr/share/texlive/texmf-dist/tex/latex/graphics/graphics.sty
Package: graphics 2009/02/05 v1.0o Standard LaTeX Graphics (DPC,SPQR)

(/usr/share/texlive/texmf-dist/tex/latex/graphics/trig.sty
Package: trig 1999/03/16 v1.09 sin cos tan (DPC)
)
(/usr/share/texlive/texmf-dist/tex/latex/latexconfig/graphics.cfg
File: graphics.cfg 2010/04/23 v1.9 graphics configuration of TeX Live
)
Package graphics Info: Driver file: pdftex.def on input line 91.

(/usr/share/texlive/texmf-dist/tex/latex/pdftex-def/pdftex.def
File: pdftex.def 2011/05/27 v0.06d Graphics/color for pdfTeX

(/usr/share/texlive/texmf-dist/tex/generic/oberdiek/infwarerr.sty
Package: infwarerr 2010/04/08 v1.3 Providing info/warning/error messages (HO)
)
(/usr/share/texlive/texmf-dist/tex/generic/oberdiek/ltxcmds.sty
Package: ltxcmds 2011/11/09 v1.22 LaTeX kernel commands for general use (HO)
)
\Gread@gobject=\count87
))
\Gin@req@height=\dimen103
\Gin@req@width=\dimen104
)
(/usr/share/texlive/texmf-dist/tex/latex/graphics/color.sty
Package: color 2005/11/14 v1.0j Standard LaTeX Color (DPC)

(/usr/share/texlive/texmf-dist/tex/latex/latexconfig/color.cfg
File: color.cfg 2007/01/18 v1.5 color configuration of teTeX/TeXLive
)
Package color Info: Driver file: pdftex.def on input line 130.
)
(/usr/share/texlive/texmf-dist/tex/latex/framed/framed.sty
Package: framed 2011/10/22 v 0.96: framed or shaded text with page breaks
\OuterFrameSep=\skip43
\fb@frw=\dimen105
\fb@frh=\dimen106
\FrameRule=\dimen107
\FrameSep=\dimen108
)
(/usr/share/texlive/texmf-dist/tex/latex/base/alltt.sty
Package: alltt 1997/06/16 v2.0g defines alltt environment
)
(/usr/share/texlive/texmf-dist/tex/latex/upquote/upquote.sty
Package: upquote 2012/04/19 v1.3 upright-quote and grave-accent glyphs in verba
tim
) (./SEIR_v07.aux)
\openout1 = `SEIR_v07.aux'.

LaTeX Font Info:    Checking defaults for OML/cmm/m/it on input line 59.
LaTeX Font Info:    ... okay on input line 59.
LaTeX Font Info:    Checking defaults for T1/cmr/m/n on input line 59.
LaTeX Font Info:    ... okay on input line 59.
LaTeX Font Info:    Checking defaults for OT1/cmr/m/n on input line 59.
LaTeX Font Info:    ... okay on input line 59.
LaTeX Font Info:    Checking defaults for OMS/cmsy/m/n on input line 59.
LaTeX Font Info:    ... okay on input line 59.
LaTeX Font Info:    Checking defaults for OMX/cmex/m/n on input line 59.
LaTeX Font Info:    ... okay on input line 59.
LaTeX Font Info:    Checking defaults for U/cmr/m/n on input line 59.
LaTeX Font Info:    ... okay on input line 59.

(/usr/share/texlive/texmf-dist/tex/context/base/supp-pdf.mkii
[Loading MPS to PDF converter (version 2006.09.02).]
\scratchcounter=\count88
\scratchdimen=\dimen109
\scratchbox=\box26
\nofMPsegments=\count89
\nofMParguments=\count90
\everyMPshowfont=\toks15
\MPscratchCnt=\count91
\MPscratchDim=\dimen110
\MPnumerator=\count92
\makeMPintoPDFobject=\count93
\everyMPtoPDFconversion=\toks16
) (/usr/share/texlive/texmf-dist/tex/generic/oberdiek/pdftexcmds.sty
Package: pdftexcmds 2011/11/29 v0.20 Utility functions of pdfTeX for LuaTeX (HO
)

(/usr/share/texlive/texmf-dist/tex/generic/oberdiek/ifluatex.sty
Package: ifluatex 2010/03/01 v1.3 Provides the ifluatex switch (HO)
Package ifluatex Info: LuaTeX not detected.
)
(/usr/share/texlive/texmf-dist/tex/generic/oberdiek/ifpdf.sty
Package: ifpdf 2011/01/30 v2.3 Provides the ifpdf switch (HO)
Package ifpdf Info: pdfTeX in PDF mode is detected.
)
Package pdftexcmds Info: LuaTeX not detected.
Package pdftexcmds Info: \pdf@primitive is available.
Package pdftexcmds Info: \pdf@ifprimitive is available.
Package pdftexcmds Info: \pdfdraftmode found.
)
(/usr/share/texlive/texmf-dist/tex/latex/oberdiek/epstopdf-base.sty
Package: epstopdf-base 2010/02/09 v2.5 Base part for package epstopdf

(/usr/share/texlive/texmf-dist/tex/latex/oberdiek/grfext.sty
Package: grfext 2010/08/19 v1.1 Manage graphics extensions (HO)

(/usr/share/texlive/texmf-dist/tex/generic/oberdiek/kvdefinekeys.sty
Package: kvdefinekeys 2011/04/07 v1.3 Define keys (HO)
))
(/usr/share/texlive/texmf-dist/tex/latex/oberdiek/kvoptions.sty
Package: kvoptions 2011/06/30 v3.11 Key value format for package options (HO)

(/usr/share/texlive/texmf-dist/tex/generic/oberdiek/kvsetkeys.sty
Package: kvsetkeys 2012/04/25 v1.16 Key value parser (HO)

(/usr/share/texlive/texmf-dist/tex/generic/oberdiek/etexcmds.sty
Package: etexcmds 2011/02/16 v1.5 Avoid name clashes with e-TeX commands (HO)
Package etexcmds Info: Could not find \expanded.
(etexcmds)             That can mean that you are not using pdfTeX 1.50 or
(etexcmds)             that some package has redefined \expanded.
(etexcmds)             In the latter case, load this package earlier.
)))
Package grfext Info: Graphics extension search list:
(grfext)             [.png,.pdf,.jpg,.mps,.jpeg,.jbig2,.jb2,.PNG,.PDF,.JPG,.JPE
G,.JBIG2,.JB2,.eps]
(grfext)             \AppendGraphicsExtensions on input line 452.

(/usr/share/texlive/texmf-dist/tex/latex/latexconfig/epstopdf-sys.cfg
File: epstopdf-sys.cfg 2010/07/13 v1.3 Configuration of (r)epstopdf for TeX Liv
e
))
LaTeX Font Info:    External font `cmex10' loaded for size
(Font)              <12> on input line 61.
LaTeX Font Info:    External font `cmex10' loaded for size
(Font)              <8> on input line 61.
LaTeX Font Info:    External font `cmex10' loaded for size
(Font)              <6> on input line 61.

[1

{/usr/share/texlive/texmf/fonts/map/pdftex/updmap/pdftex.map}]
LaTeX Font Info:    External font `cmex10' loaded for size
(Font)              <7> on input line 85.
LaTeX Font Info:    External font `cmex10' loaded for size
(Font)              <5> on input line 85.
LaTeX Font Info:    Try loading font information for OMS+cmr on input line 111.


(/usr/share/texlive/texmf-dist/tex/latex/base/omscmr.fd
File: omscmr.fd 1999/05/25 v2.5h Standard LaTeX font definitions
)
LaTeX Font Info:    Font shape `OMS/cmr/m/n' in size <10> not available
(Font)              Font shape `OMS/cmsy/m/n' tried instead on input line 111.
 [2]
Overfull \hbox (122.3122pt too wide) in paragraph at lines 141--153
 [][] 
 []

Package color Info: Redefining color shadecolor on input line 165.
LaTeX Font Info:    Font shape `OT1/cmtt/bx/n' in size <10> not available
(Font)              Font shape `OT1/cmtt/m/n' tried instead on input line 168.
LaTeX Font Info:    Try loading font information for OMS+cmtt on input line 168
.
(/usr/share/R/texmf/tex/latex/omscmtt.fd
File: omscmtt.fd 
)
LaTeX Font Info:    Font shape `OMS/cmtt/m/n' in size <10> not available
(Font)              Font shape `OMS/cmsy/m/n' tried instead on input line 168.
 [3]
Package color Info: Redefining color shadecolor on input line 195.

Overfull \hbox (22.24686pt too wide) in paragraph at lines 213--213
[]      []\OT1/cmtt/m/n/10 if[][](data_array[tmp2[i,[][]1[][]],[][]5[][],t][][]
==[][]2[] []&[] []data_array[tmp2[i,[][]2[][]],[][]5[][],t][][]==[][]1[][])\OMS
/cmsy/m/n/10 f[][] 
 []


Overfull \hbox (22.24686pt too wide) in paragraph at lines 217--217
[]      []\OT1/cmtt/m/n/10 if[][](data_array[tmp2[i,[][]2[][]],[][]5[][],t][][]
==[][]2[] []&[] []data_array[tmp2[i,[][]1[][]],[][]5[][],t][][]==[][]1[][])\OMS
/cmsy/m/n/10 f[][] 
 []


Overfull \hbox (22.24686pt too wide) in paragraph at lines 221--221
[]      []\OT1/cmtt/m/n/10 if[][](data_array[tmp2[i,[][]1[][]],[][]5[][],t][][]
==[][]3[] []&[] []data_array[tmp2[i,[][]2[][]],[][]5[][],t][][]==[][]1[][])\OMS
/cmsy/m/n/10 f[][] 
 []


Overfull \hbox (22.24686pt too wide) in paragraph at lines 225--225
[]      []\OT1/cmtt/m/n/10 if[][](data_array[tmp2[i,[][]1[][]],[][]5[][],t][][]
==[][]1[] []&[] []data_array[tmp2[i,[][]2[][]],[][]5[][],t][][]==[][]3[][])\OMS
/cmsy/m/n/10 f[][] 
 []

[4]
Package color Info: Redefining color shadecolor on input line 247.

Overfull \hbox (64.49643pt too wide) in paragraph at lines 264--264
[][]\OT1/cmtt/m/n/10 dimnames[][](data_arr)[[[][]2[][]]][] []<-[] []c[][]([][]"
x"[][],[] []"y"[][],[] []"theta"[][],[] []"velocity"[][],[] []"status"[][],[] [
]"count"[][])[][] 
 []


Overfull \hbox (116.99597pt too wide) in paragraph at lines 310--310
[]    []\OT1/cmtt/m/n/10 if[][](data_arr[s,[][]5[][],t][][]==[][]1[] []|[] []da
ta_arr[s,[][]5[][],t][][]==[][]0[][]) data_arr[s,[][]6[][],t][][]=[][]0[] []\OT
1/cmtt/m/it/10 # Reset Susceptables  [][] 
 []

[5]
Underfull \vbox (badness 10000) detected at line 333
 []


Underfull \vbox (badness 10000) detected at line 333
 []

[6]
Package color Info: Redefining color shadecolor on input line 341.
 [7]
Package color Info: Redefining color shadecolor on input line 373.

Overfull \hbox (8.48305pt too wide) in paragraph at lines 376--376
[][]\OT1/cmtt/m/it/10 # Susceptable 1, Exposed-Asymptomatic 2, Symptomatic 3, R
ecovered 4[][] 
 []


Overfull \hbox (6.74693pt too wide) in paragraph at lines 388--388
[][]\OT1/cmtt/m/n/10 results[t,][] []<-[] []data.frame[][]([][]Days[] []= days,
[] []Sh[] []= sh,[] []S[][]=s,[] []E[][]=e,[] []I[][]=i,[] []R[][]=r)[][] 
 []


Overfull \hbox (652.4913pt too wide) in paragraph at lines 392--392
[][]\OT1/cmtt/m/n/10 plot[][](S[][]~[][]Days,[] []data[][]=results,[] []ty[][]=
[][]^^Ml^^M[][],[] []col[][]=SEIRcol[[][]1[][]],[] []ylab[][]=[][]""[][],[] []y
lim[][]=[][]c[][]([][]0[][],params[m,[][]2[][]]),[] []xlab[][]=[][]"Days"[][],[
] []xlim[][]=[][]c[][]([][]0[][],tstep[][]/[][]24[][]),[] []lwd[][]=[][]2[][],[
] []main[] []=[] []paste[][](params[m,[] []1[][]],[] []", Stationary ="[][], pa
rams[m,[][]5[][]][][]*[][]100[][],[] []"%"[][]))[][] 
 []


Overfull \hbox (32.9967pt too wide) in paragraph at lines 401--401
[]  []\OT1/cmtt/m/n/10 "/home/CAMPUS/mwl04747/github/beginnersluck/Epidemiology
/Model1.png"[][]);[][] 
 []


Overfull \hbox (32.9967pt too wide) in paragraph at lines 404--404
[]  []\OT1/cmtt/m/n/10 "/home/CAMPUS/mwl04747/github/beginnersluck/Epidemiology
/Model2.png"[][]);[][] 
 []


Overfull \hbox (32.9967pt too wide) in paragraph at lines 407--407
[]  []\OT1/cmtt/m/n/10 "/home/CAMPUS/mwl04747/github/beginnersluck/Epidemiology
/Model3.png"[][]);[][] 
 []


Overfull \hbox (32.9967pt too wide) in paragraph at lines 410--410
[]  []\OT1/cmtt/m/n/10 "/home/CAMPUS/mwl04747/github/beginnersluck/Epidemiology
/Model4.png"[][]);[][] 
 []

[8] <Model1.png, id=38, 481.8pt x 481.8pt>
File: Model1.png Graphic file (type png)
 <use Model1.png>
Package pdftex.def Info: Model1.png used on input line 417.
(pdftex.def)             Requested size: 345.0pt x 345.00635pt.

<Model2.png, id=39, 481.8pt x 481.8pt>
File: Model2.png Graphic file (type png)
 <use Model2.png>
Package pdftex.def Info: Model2.png used on input line 422.
(pdftex.def)             Requested size: 345.0pt x 345.00635pt.

<Model3.png, id=40, 481.8pt x 481.8pt>
File: Model3.png Graphic file (type png)
 <use Model3.png>
Package pdftex.def Info: Model3.png used on input line 427.
(pdftex.def)             Requested size: 345.0pt x 345.00635pt.

<Model4.png, id=41, 481.8pt x 481.8pt>
File: Model4.png Graphic file (type png)
 <use Model4.png>
Package pdftex.def Info: Model4.png used on input line 432.
(pdftex.def)             Requested size: 345.0pt x 345.00635pt.

<SSModel1.png, id=42, 481.8pt x 481.8pt>
File: SSModel1.png Graphic file (type png)
 <use SSModel1.png>
Package pdftex.def Info: SSModel1.png used on input line 445.
(pdftex.def)             Requested size: 345.0pt x 345.00635pt.

<SSModel2.png, id=43, 481.8pt x 481.8pt>
File: SSModel2.png Graphic file (type png)
 <use SSModel2.png>
Package pdftex.def Info: SSModel2.png used on input line 450.
(pdftex.def)             Requested size: 345.0pt x 345.00635pt.

<SSModel3.png, id=44, 481.8pt x 481.8pt>
File: SSModel3.png Graphic file (type png)
 <use SSModel3.png>
Package pdftex.def Info: SSModel3.png used on input line 455.
(pdftex.def)             Requested size: 345.0pt x 345.00635pt.

<SSModel4.png, id=45, 481.8pt x 481.8pt>
File: SSModel4.png Graphic file (type png)
 <use SSModel4.png>
Package pdftex.def Info: SSModel4.png used on input line 460.
(pdftex.def)             Requested size: 345.0pt x 345.00635pt.
 [9 <./Model1.png (PNG copy)>] [10 <./Model2.png (PNG copy)>] [11 <./Model3.png
 (PNG copy)>]
[12 <./Model4.png (PNG copy)>] [13 <./SSModel1.png (PNG copy)>] [14 <./SSModel2
.png (PNG copy)>] [15 <./SSModel3.png (PNG copy)>] [16 <./SSModel4.png (PNG cop
y)>] [17] (./SEIR_v07.aux) ) 
Here is how much of TeX's memory you used:
 1709 strings out of 494820
 24516 string characters out of 3178048
 98657 words of memory out of 3000000
 4877 multiletter control sequences out of 15000+200000
 7923 words of font info for 29 fonts, out of 3000000 for 9000
 198 hyphenation exceptions out of 8191
 38i,9n,23p,686b,274s stack positions out of 5000i,500n,10000p,200000b,50000s
</usr/share/texlive/texmf-dist/fonts/type1/public/a
msfonts/cm/cmbx12.pfb></usr/share/texlive/texmf-dist/fonts/type1/public/amsfont
s/cm/cmitt10.pfb></usr/share/texlive/texmf-dist/fonts/type1/public/amsfonts/cm/
cmmi10.pfb></usr/share/texlive/texmf-dist/fonts/type1/public/amsfonts/cm/cmmi7.
pfb></usr/share/texlive/texmf-dist/fonts/type1/public/amsfonts/cm/cmr10.pfb></u
sr/share/texlive/texmf-dist/fonts/type1/public/amsfonts/cm/cmr12.pfb></usr/shar
e/texlive/texmf-dist/fonts/type1/public/amsfonts/cm/cmr17.pfb></usr/share/texli
ve/texmf-dist/fonts/type1/public/amsfonts/cm/cmr7.pfb></usr/share/texlive/texmf
-dist/fonts/type1/public/amsfonts/cm/cmsy10.pfb></usr/share/texlive/texmf-dist/
fonts/type1/public/amsfonts/cm/cmtt10.pfb>
Output written on SEIR_v07.pdf (17 pages, 351668 bytes).
PDF statistics:
 107 PDF objects out of 1000 (max. 8388607)
 69 compressed objects within 1 object stream
 0 named destinations out of 1000 (max. 500000)
 41 words of extra memory for PDF output out of 10000 (max. 10000000)

